mode: atomic
github.com/imbpp123/go-ninjabot/examples/futuremarket/futures.go:15.13,42.16 4 0
github.com/imbpp123/go-ninjabot/examples/futuremarket/futures.go:42.16,44.3 1 0
github.com/imbpp123/go-ninjabot/examples/futuremarket/futures.go:47.2,49.16 3 0
github.com/imbpp123/go-ninjabot/examples/futuremarket/futures.go:49.16,51.3 1 0
github.com/imbpp123/go-ninjabot/examples/futuremarket/futures.go:53.2,54.16 2 0
github.com/imbpp123/go-ninjabot/examples/futuremarket/futures.go:54.16,56.3 1 0
github.com/imbpp123/go-ninjabot/examples/paperwallet/paperwallet.go:20.13,43.16 4 0
github.com/imbpp123/go-ninjabot/examples/paperwallet/paperwallet.go:43.16,45.3 1 0
github.com/imbpp123/go-ninjabot/examples/paperwallet/paperwallet.go:48.2,49.16 2 0
github.com/imbpp123/go-ninjabot/examples/paperwallet/paperwallet.go:49.16,51.3 1 0
github.com/imbpp123/go-ninjabot/examples/paperwallet/paperwallet.go:55.2,72.16 4 0
github.com/imbpp123/go-ninjabot/examples/paperwallet/paperwallet.go:72.16,74.3 1 0
github.com/imbpp123/go-ninjabot/examples/paperwallet/paperwallet.go:77.2,87.16 2 0
github.com/imbpp123/go-ninjabot/examples/paperwallet/paperwallet.go:87.16,89.3 1 0
github.com/imbpp123/go-ninjabot/examples/paperwallet/paperwallet.go:91.2,91.12 1 0
github.com/imbpp123/go-ninjabot/examples/paperwallet/paperwallet.go:91.12,93.17 2 0
github.com/imbpp123/go-ninjabot/examples/paperwallet/paperwallet.go:93.17,95.4 1 0
github.com/imbpp123/go-ninjabot/examples/paperwallet/paperwallet.go:98.2,99.16 2 0
github.com/imbpp123/go-ninjabot/examples/paperwallet/paperwallet.go:99.16,101.3 1 0
github.com/imbpp123/go-ninjabot/examples/backtesting/backtesting.go:17.13,45.16 5 0
github.com/imbpp123/go-ninjabot/examples/backtesting/backtesting.go:45.16,47.3 1 0
github.com/imbpp123/go-ninjabot/examples/backtesting/backtesting.go:50.2,51.16 2 0
github.com/imbpp123/go-ninjabot/examples/backtesting/backtesting.go:51.16,53.3 1 0
github.com/imbpp123/go-ninjabot/examples/backtesting/backtesting.go:56.2,71.16 3 0
github.com/imbpp123/go-ninjabot/examples/backtesting/backtesting.go:71.16,73.3 1 0
github.com/imbpp123/go-ninjabot/examples/backtesting/backtesting.go:76.2,89.16 2 0
github.com/imbpp123/go-ninjabot/examples/backtesting/backtesting.go:89.16,91.3 1 0
github.com/imbpp123/go-ninjabot/examples/backtesting/backtesting.go:94.2,95.16 2 0
github.com/imbpp123/go-ninjabot/examples/backtesting/backtesting.go:95.16,97.3 1 0
github.com/imbpp123/go-ninjabot/examples/backtesting/backtesting.go:100.2,104.16 3 0
github.com/imbpp123/go-ninjabot/examples/backtesting/backtesting.go:104.16,106.3 1 0
github.com/imbpp123/go-ninjabot/cmd/ninjabot/ninjabot.go:14.13,71.40 1 0
github.com/imbpp123/go-ninjabot/cmd/ninjabot/ninjabot.go:71.40,77.27 2 0
github.com/imbpp123/go-ninjabot/cmd/ninjabot/ninjabot.go:77.27,80.21 2 0
github.com/imbpp123/go-ninjabot/cmd/ninjabot/ninjabot.go:80.21,82.8 1 0
github.com/imbpp123/go-ninjabot/cmd/ninjabot/ninjabot.go:83.12,86.21 2 0
github.com/imbpp123/go-ninjabot/cmd/ninjabot/ninjabot.go:86.21,88.8 1 0
github.com/imbpp123/go-ninjabot/cmd/ninjabot/ninjabot.go:91.6,92.41 2 0
github.com/imbpp123/go-ninjabot/cmd/ninjabot/ninjabot.go:92.41,94.7 1 0
github.com/imbpp123/go-ninjabot/cmd/ninjabot/ninjabot.go:96.6,98.72 3 0
github.com/imbpp123/go-ninjabot/cmd/ninjabot/ninjabot.go:98.72,100.7 1 0
github.com/imbpp123/go-ninjabot/cmd/ninjabot/ninjabot.go:100.12,100.43 1 0
github.com/imbpp123/go-ninjabot/cmd/ninjabot/ninjabot.go:100.43,102.7 1 0
github.com/imbpp123/go-ninjabot/cmd/ninjabot/ninjabot.go:104.6,105.61 1 0
github.com/imbpp123/go-ninjabot/cmd/ninjabot/ninjabot.go:112.2,113.16 2 0
github.com/imbpp123/go-ninjabot/cmd/ninjabot/ninjabot.go:113.16,115.3 1 0
github.com/imbpp123/go-ninjabot/examples/spotmarket/spot.go:15.13,38.16 4 0
github.com/imbpp123/go-ninjabot/examples/spotmarket/spot.go:38.16,40.3 1 0
github.com/imbpp123/go-ninjabot/examples/spotmarket/spot.go:43.2,45.16 3 0
github.com/imbpp123/go-ninjabot/examples/spotmarket/spot.go:45.16,47.3 1 0
github.com/imbpp123/go-ninjabot/examples/spotmarket/spot.go:49.2,50.16 2 0
github.com/imbpp123/go-ninjabot/examples/spotmarket/spot.go:50.16,52.3 1 0
github.com/imbpp123/go-ninjabot/examples/strategies/emacross.go:13.38,15.2 1 0
github.com/imbpp123/go-ninjabot/examples/strategies/emacross.go:17.38,19.2 1 0
github.com/imbpp123/go-ninjabot/examples/strategies/emacross.go:21.80,46.2 3 0
github.com/imbpp123/go-ninjabot/examples/strategies/emacross.go:48.76,52.16 3 0
github.com/imbpp123/go-ninjabot/examples/strategies/emacross.go:52.16,55.3 2 0
github.com/imbpp123/go-ninjabot/examples/strategies/emacross.go:57.2,58.55 1 0
github.com/imbpp123/go-ninjabot/examples/strategies/emacross.go:58.55,62.17 3 0
github.com/imbpp123/go-ninjabot/examples/strategies/emacross.go:62.17,64.4 1 0
github.com/imbpp123/go-ninjabot/examples/strategies/emacross.go:66.3,66.9 1 0
github.com/imbpp123/go-ninjabot/examples/strategies/emacross.go:69.2,70.56 1 0
github.com/imbpp123/go-ninjabot/examples/strategies/emacross.go:70.56,73.17 2 0
github.com/imbpp123/go-ninjabot/examples/strategies/emacross.go:73.17,75.4 1 0
github.com/imbpp123/go-ninjabot/examples/strategies/ocosell.go:15.37,17.2 1 0
github.com/imbpp123/go-ninjabot/examples/strategies/ocosell.go:19.37,21.2 1 0
github.com/imbpp123/go-ninjabot/examples/strategies/ocosell.go:23.76,56.2 2 0
github.com/imbpp123/go-ninjabot/examples/strategies/ocosell.go:58.72,63.16 4 0
github.com/imbpp123/go-ninjabot/examples/strategies/ocosell.go:63.16,66.3 2 0
github.com/imbpp123/go-ninjabot/examples/strategies/ocosell.go:68.2,69.94 2 0
github.com/imbpp123/go-ninjabot/examples/strategies/ocosell.go:69.94,72.17 3 0
github.com/imbpp123/go-ninjabot/examples/strategies/ocosell.go:72.17,81.4 1 0
github.com/imbpp123/go-ninjabot/examples/strategies/ocosell.go:83.3,84.17 2 0
github.com/imbpp123/go-ninjabot/examples/strategies/ocosell.go:84.17,93.4 1 0
github.com/imbpp123/go-ninjabot/examples/strategies/trailingstop.go:18.65,24.29 2 0
github.com/imbpp123/go-ninjabot/examples/strategies/trailingstop.go:24.29,27.3 2 0
github.com/imbpp123/go-ninjabot/examples/strategies/trailingstop.go:29.2,29.17 1 0
github.com/imbpp123/go-ninjabot/examples/strategies/trailingstop.go:32.38,34.2 1 0
github.com/imbpp123/go-ninjabot/examples/strategies/trailingstop.go:36.38,38.2 1 0
github.com/imbpp123/go-ninjabot/examples/strategies/trailingstop.go:40.77,45.2 3 0
github.com/imbpp123/go-ninjabot/examples/strategies/trailingstop.go:47.72,49.16 2 0
github.com/imbpp123/go-ninjabot/examples/strategies/trailingstop.go:49.16,52.3 2 0
github.com/imbpp123/go-ninjabot/examples/strategies/trailingstop.go:54.2,56.62 1 0
github.com/imbpp123/go-ninjabot/examples/strategies/trailingstop.go:56.62,58.17 2 0
github.com/imbpp123/go-ninjabot/examples/strategies/trailingstop.go:58.17,61.4 2 0
github.com/imbpp123/go-ninjabot/examples/strategies/trailingstop.go:63.3,65.9 2 0
github.com/imbpp123/go-ninjabot/examples/strategies/trailingstop.go:69.79,70.95 1 0
github.com/imbpp123/go-ninjabot/examples/strategies/trailingstop.go:70.95,72.17 2 0
github.com/imbpp123/go-ninjabot/examples/strategies/trailingstop.go:72.17,75.4 2 0
github.com/imbpp123/go-ninjabot/examples/strategies/trailingstop.go:77.3,77.16 1 0
github.com/imbpp123/go-ninjabot/examples/strategies/trailingstop.go:77.16,79.18 2 0
github.com/imbpp123/go-ninjabot/examples/strategies/trailingstop.go:79.18,82.5 2 0
github.com/imbpp123/go-ninjabot/examples/strategies/trailingstop.go:83.4,83.19 1 0
github.com/imbpp123/go-ninjabot/examples/strategies/turtle.go:14.36,16.2 1 0
github.com/imbpp123/go-ninjabot/examples/strategies/turtle.go:18.36,20.2 1 0
github.com/imbpp123/go-ninjabot/examples/strategies/turtle.go:22.78,27.2 3 0
github.com/imbpp123/go-ninjabot/examples/strategies/turtle.go:29.74,35.16 5 0
github.com/imbpp123/go-ninjabot/examples/strategies/turtle.go:35.16,38.3 2 0
github.com/imbpp123/go-ninjabot/examples/strategies/turtle.go:41.2,41.49 1 0
github.com/imbpp123/go-ninjabot/examples/strategies/turtle.go:41.49,43.17 2 0
github.com/imbpp123/go-ninjabot/examples/strategies/turtle.go:43.17,45.4 1 0
github.com/imbpp123/go-ninjabot/examples/strategies/turtle.go:46.3,46.9 1 0
github.com/imbpp123/go-ninjabot/examples/strategies/turtle.go:49.2,49.47 1 0
github.com/imbpp123/go-ninjabot/examples/strategies/turtle.go:49.47,51.17 2 0
github.com/imbpp123/go-ninjabot/examples/strategies/turtle.go:51.17,53.4 1 0
github.com/imbpp123/go-ninjabot/indicator/supertrend.go:5.86,13.43 7 0
github.com/imbpp123/go-ninjabot/indicator/supertrend.go:13.43,18.37 3 0
github.com/imbpp123/go-ninjabot/indicator/supertrend.go:18.37,20.4 1 0
github.com/imbpp123/go-ninjabot/indicator/supertrend.go:20.9,22.4 1 0
github.com/imbpp123/go-ninjabot/indicator/supertrend.go:24.3,25.37 1 0
github.com/imbpp123/go-ninjabot/indicator/supertrend.go:25.37,27.4 1 0
github.com/imbpp123/go-ninjabot/indicator/supertrend.go:27.9,29.4 1 0
github.com/imbpp123/go-ninjabot/indicator/supertrend.go:31.3,31.45 1 0
github.com/imbpp123/go-ninjabot/indicator/supertrend.go:31.45,32.36 1 0
github.com/imbpp123/go-ninjabot/indicator/supertrend.go:32.36,34.5 1 0
github.com/imbpp123/go-ninjabot/indicator/supertrend.go:34.10,36.5 1 0
github.com/imbpp123/go-ninjabot/indicator/supertrend.go:37.9,38.36 1 0
github.com/imbpp123/go-ninjabot/indicator/supertrend.go:38.36,40.5 1 0
github.com/imbpp123/go-ninjabot/indicator/supertrend.go:40.10,42.5 1 0
github.com/imbpp123/go-ninjabot/indicator/supertrend.go:46.2,46.19 1 0
github.com/imbpp123/go-ninjabot/indicator/talib.go:21.106,23.2 1 0
github.com/imbpp123/go-ninjabot/indicator/talib.go:26.50,28.2 1 0
github.com/imbpp123/go-ninjabot/indicator/talib.go:31.49,33.2 1 0
github.com/imbpp123/go-ninjabot/indicator/talib.go:35.45,37.2 1 0
github.com/imbpp123/go-ninjabot/indicator/talib.go:40.50,42.2 1 0
github.com/imbpp123/go-ninjabot/indicator/talib.go:45.63,47.2 1 0
github.com/imbpp123/go-ninjabot/indicator/talib.go:50.89,52.2 1 0
github.com/imbpp123/go-ninjabot/indicator/talib.go:54.102,56.2 1 0
github.com/imbpp123/go-ninjabot/indicator/talib.go:58.54,60.2 1 0
github.com/imbpp123/go-ninjabot/indicator/talib.go:62.68,64.2 1 0
github.com/imbpp123/go-ninjabot/indicator/talib.go:67.94,69.2 1 0
github.com/imbpp123/go-ninjabot/indicator/talib.go:79.42,82.2 1 0
github.com/imbpp123/go-ninjabot/indicator/talib.go:85.49,87.2 1 0
github.com/imbpp123/go-ninjabot/indicator/talib.go:90.67,92.2 1 0
github.com/imbpp123/go-ninjabot/indicator/talib.go:95.50,97.2 1 0
github.com/imbpp123/go-ninjabot/indicator/talib.go:100.51,102.2 1 0
github.com/imbpp123/go-ninjabot/indicator/talib.go:105.49,107.2 1 0
github.com/imbpp123/go-ninjabot/indicator/talib.go:110.80,112.2 1 0
github.com/imbpp123/go-ninjabot/indicator/talib.go:115.81,117.2 1 0
github.com/imbpp123/go-ninjabot/indicator/talib.go:120.84,122.2 1 0
github.com/imbpp123/go-ninjabot/indicator/talib.go:124.78,126.2 1 0
github.com/imbpp123/go-ninjabot/indicator/talib.go:128.68,130.2 1 0
github.com/imbpp123/go-ninjabot/indicator/talib.go:133.86,135.2 1 0
github.com/imbpp123/go-ninjabot/indicator/talib.go:138.49,140.2 1 0
github.com/imbpp123/go-ninjabot/indicator/talib.go:143.80,145.2 1 0
github.com/imbpp123/go-ninjabot/indicator/talib.go:148.79,150.2 1 0
github.com/imbpp123/go-ninjabot/indicator/talib.go:153.112,155.2 1 0
github.com/imbpp123/go-ninjabot/indicator/talib.go:158.75,160.2 1 0
github.com/imbpp123/go-ninjabot/indicator/talib.go:162.83,164.2 1 0
github.com/imbpp123/go-ninjabot/indicator/talib.go:166.84,168.2 1 0
github.com/imbpp123/go-ninjabot/indicator/talib.go:170.67,172.2 1 0
github.com/imbpp123/go-ninjabot/indicator/talib.go:175.98,177.2 1 0
github.com/imbpp123/go-ninjabot/indicator/talib.go:179.54,181.2 1 0
github.com/imbpp123/go-ninjabot/indicator/talib.go:183.83,185.2 1 0
github.com/imbpp123/go-ninjabot/indicator/talib.go:187.66,189.2 1 0
github.com/imbpp123/go-ninjabot/indicator/talib.go:192.84,194.2 1 0
github.com/imbpp123/go-ninjabot/indicator/talib.go:197.50,199.2 1 0
github.com/imbpp123/go-ninjabot/indicator/talib.go:202.49,204.2 1 0
github.com/imbpp123/go-ninjabot/indicator/talib.go:207.50,209.2 1 0
github.com/imbpp123/go-ninjabot/indicator/talib.go:212.53,214.2 1 0
github.com/imbpp123/go-ninjabot/indicator/talib.go:217.49,219.2 1 0
github.com/imbpp123/go-ninjabot/indicator/talib.go:223.82,226.2 1 0
github.com/imbpp123/go-ninjabot/indicator/talib.go:230.45,233.2 1 0
github.com/imbpp123/go-ninjabot/indicator/talib.go:237.13,240.2 1 0
github.com/imbpp123/go-ninjabot/indicator/talib.go:242.50,244.2 1 0
github.com/imbpp123/go-ninjabot/indicator/talib.go:246.110,248.2 1 0
github.com/imbpp123/go-ninjabot/indicator/talib.go:251.86,253.2 1 0
github.com/imbpp123/go-ninjabot/indicator/talib.go:255.85,257.2 1 0
github.com/imbpp123/go-ninjabot/indicator/talib.go:260.28,262.2 1 0
github.com/imbpp123/go-ninjabot/indicator/talib.go:265.55,267.2 1 0
github.com/imbpp123/go-ninjabot/indicator/talib.go:270.80,272.2 1 0
github.com/imbpp123/go-ninjabot/indicator/talib.go:275.81,277.2 1 0
github.com/imbpp123/go-ninjabot/indicator/talib.go:280.71,282.2 1 0
github.com/imbpp123/go-ninjabot/indicator/talib.go:284.91,286.2 1 0
github.com/imbpp123/go-ninjabot/indicator/talib.go:288.56,290.2 1 0
github.com/imbpp123/go-ninjabot/indicator/talib.go:292.73,294.2 1 0
github.com/imbpp123/go-ninjabot/indicator/talib.go:296.73,298.2 1 0
github.com/imbpp123/go-ninjabot/indicator/talib.go:300.44,302.2 1 0
github.com/imbpp123/go-ninjabot/indicator/talib.go:304.43,306.2 1 0
github.com/imbpp123/go-ninjabot/indicator/talib.go:308.55,310.2 1 0
github.com/imbpp123/go-ninjabot/indicator/talib.go:312.53,314.2 1 0
github.com/imbpp123/go-ninjabot/indicator/talib.go:316.45,318.2 1 0
github.com/imbpp123/go-ninjabot/indicator/talib.go:320.69,322.2 1 0
github.com/imbpp123/go-ninjabot/indicator/talib.go:324.71,326.2 1 0
github.com/imbpp123/go-ninjabot/indicator/talib.go:328.55,330.2 1 0
github.com/imbpp123/go-ninjabot/indicator/talib.go:332.60,334.2 1 0
github.com/imbpp123/go-ninjabot/indicator/talib.go:336.64,338.2 1 0
github.com/imbpp123/go-ninjabot/indicator/talib.go:340.60,342.2 1 0
github.com/imbpp123/go-ninjabot/indicator/talib.go:344.69,346.2 1 0
github.com/imbpp123/go-ninjabot/indicator/talib.go:349.49,351.2 1 0
github.com/imbpp123/go-ninjabot/indicator/talib.go:353.49,355.2 1 0
github.com/imbpp123/go-ninjabot/indicator/talib.go:359.38,361.2 1 0
github.com/imbpp123/go-ninjabot/indicator/talib.go:363.38,365.2 1 0
github.com/imbpp123/go-ninjabot/indicator/talib.go:367.38,369.2 1 0
github.com/imbpp123/go-ninjabot/indicator/talib.go:371.38,373.2 1 0
github.com/imbpp123/go-ninjabot/indicator/talib.go:375.37,377.2 1 0
github.com/imbpp123/go-ninjabot/indicator/talib.go:379.38,381.2 1 0
github.com/imbpp123/go-ninjabot/indicator/talib.go:383.37,385.2 1 0
github.com/imbpp123/go-ninjabot/indicator/talib.go:387.39,389.2 1 0
github.com/imbpp123/go-ninjabot/indicator/talib.go:391.36,393.2 1 0
github.com/imbpp123/go-ninjabot/indicator/talib.go:395.39,397.2 1 0
github.com/imbpp123/go-ninjabot/indicator/talib.go:399.37,401.2 1 0
github.com/imbpp123/go-ninjabot/indicator/talib.go:403.38,405.2 1 0
github.com/imbpp123/go-ninjabot/indicator/talib.go:407.38,409.2 1 0
github.com/imbpp123/go-ninjabot/indicator/talib.go:411.37,413.2 1 0
github.com/imbpp123/go-ninjabot/indicator/talib.go:415.38,417.2 1 0
github.com/imbpp123/go-ninjabot/indicator/talib.go:421.46,423.2 1 0
github.com/imbpp123/go-ninjabot/indicator/talib.go:425.46,427.2 1 0
github.com/imbpp123/go-ninjabot/indicator/talib.go:429.49,431.2 1 0
github.com/imbpp123/go-ninjabot/indicator/talib.go:433.54,435.2 1 0
github.com/imbpp123/go-ninjabot/indicator/talib.go:437.49,439.2 1 0
github.com/imbpp123/go-ninjabot/indicator/talib.go:441.54,443.2 1 0
github.com/imbpp123/go-ninjabot/indicator/talib.go:445.65,447.2 1 0
github.com/imbpp123/go-ninjabot/indicator/talib.go:449.70,451.2 1 0
github.com/imbpp123/go-ninjabot/indicator/talib.go:453.47,455.2 1 0
github.com/imbpp123/go-ninjabot/indicator/talib.go:457.46,459.2 1 0
github.com/imbpp123/go-ninjabot/indicator/talib.go:461.49,463.2 1 0
github.com/imbpp123/go-ninjabot/notification/mail.go:22.35,41.16 4 0
github.com/imbpp123/go-ninjabot/notification/mail.go:41.16,45.3 1 0
github.com/imbpp123/go-ninjabot/notification/mail.go:48.42,50.22 2 0
github.com/imbpp123/go-ninjabot/notification/mail.go:51.35,52.59 1 0
github.com/imbpp123/go-ninjabot/notification/mail.go:53.32,54.57 1 0
github.com/imbpp123/go-ninjabot/notification/mail.go:55.68,56.72 1 0
github.com/imbpp123/go-ninjabot/notification/mail.go:59.2,61.19 2 0
github.com/imbpp123/go-ninjabot/notification/mail.go:64.34,67.2 2 0
github.com/imbpp123/go-ninjabot/notification/mail.go:78.38,91.2 1 0
github.com/imbpp123/go-ninjabot/notification/telegram.go:34.118,38.75 3 0
github.com/imbpp123/go-ninjabot/notification/telegram.go:38.75,39.50 1 0
github.com/imbpp123/go-ninjabot/notification/telegram.go:39.50,42.4 2 0
github.com/imbpp123/go-ninjabot/notification/telegram.go:44.3,44.48 1 0
github.com/imbpp123/go-ninjabot/notification/telegram.go:44.48,45.40 1 0
github.com/imbpp123/go-ninjabot/notification/telegram.go:45.40,47.5 1 0
github.com/imbpp123/go-ninjabot/notification/telegram.go:50.3,51.15 2 0
github.com/imbpp123/go-ninjabot/notification/telegram.go:54.2,59.16 2 0
github.com/imbpp123/go-ninjabot/notification/telegram.go:59.16,61.3 1 0
github.com/imbpp123/go-ninjabot/notification/telegram.go:63.2,83.16 3 0
github.com/imbpp123/go-ninjabot/notification/telegram.go:83.16,85.3 1 0
github.com/imbpp123/go-ninjabot/notification/telegram.go:87.2,99.33 3 0
github.com/imbpp123/go-ninjabot/notification/telegram.go:99.33,101.3 1 0
github.com/imbpp123/go-ninjabot/notification/telegram.go:103.2,112.17 9 0
github.com/imbpp123/go-ninjabot/notification/telegram.go:115.27,117.47 2 0
github.com/imbpp123/go-ninjabot/notification/telegram.go:117.47,119.17 2 0
github.com/imbpp123/go-ninjabot/notification/telegram.go:119.17,121.4 1 0
github.com/imbpp123/go-ninjabot/notification/telegram.go:125.39,126.49 1 0
github.com/imbpp123/go-ninjabot/notification/telegram.go:126.49,128.17 2 0
github.com/imbpp123/go-ninjabot/notification/telegram.go:128.17,130.4 1 0
github.com/imbpp123/go-ninjabot/notification/telegram.go:134.48,140.16 5 0
github.com/imbpp123/go-ninjabot/notification/telegram.go:140.16,144.3 3 0
github.com/imbpp123/go-ninjabot/notification/telegram.go:146.2,146.40 1 0
github.com/imbpp123/go-ninjabot/notification/telegram.go:146.40,154.17 6 0
github.com/imbpp123/go-ninjabot/notification/telegram.go:154.17,158.4 3 0
github.com/imbpp123/go-ninjabot/notification/telegram.go:160.3,163.101 4 0
github.com/imbpp123/go-ninjabot/notification/telegram.go:166.2,166.40 1 0
github.com/imbpp123/go-ninjabot/notification/telegram.go:166.40,169.3 2 0
github.com/imbpp123/go-ninjabot/notification/telegram.go:171.2,174.16 3 0
github.com/imbpp123/go-ninjabot/notification/telegram.go:174.16,176.3 1 0
github.com/imbpp123/go-ninjabot/notification/telegram.go:179.45,181.16 2 0
github.com/imbpp123/go-ninjabot/notification/telegram.go:181.16,185.3 3 0
github.com/imbpp123/go-ninjabot/notification/telegram.go:187.2,188.35 2 0
github.com/imbpp123/go-ninjabot/notification/telegram.go:188.35,190.3 1 0
github.com/imbpp123/go-ninjabot/notification/telegram.go:192.2,193.16 2 0
github.com/imbpp123/go-ninjabot/notification/telegram.go:193.16,195.3 1 0
github.com/imbpp123/go-ninjabot/notification/telegram.go:198.47,199.41 1 0
github.com/imbpp123/go-ninjabot/notification/telegram.go:199.41,201.17 2 0
github.com/imbpp123/go-ninjabot/notification/telegram.go:201.17,203.4 1 0
github.com/imbpp123/go-ninjabot/notification/telegram.go:204.3,204.9 1 0
github.com/imbpp123/go-ninjabot/notification/telegram.go:207.2,207.55 1 0
github.com/imbpp123/go-ninjabot/notification/telegram.go:207.55,209.17 2 0
github.com/imbpp123/go-ninjabot/notification/telegram.go:209.17,211.4 1 0
github.com/imbpp123/go-ninjabot/notification/telegram.go:215.44,217.21 2 0
github.com/imbpp123/go-ninjabot/notification/telegram.go:217.21,219.17 2 0
github.com/imbpp123/go-ninjabot/notification/telegram.go:219.17,221.4 1 0
github.com/imbpp123/go-ninjabot/notification/telegram.go:222.3,222.9 1 0
github.com/imbpp123/go-ninjabot/notification/telegram.go:225.2,226.47 2 0
github.com/imbpp123/go-ninjabot/notification/telegram.go:226.47,227.27 1 0
github.com/imbpp123/go-ninjabot/notification/telegram.go:227.27,229.4 1 0
github.com/imbpp123/go-ninjabot/notification/telegram.go:232.2,234.16 3 0
github.com/imbpp123/go-ninjabot/notification/telegram.go:234.16,238.3 3 0
github.com/imbpp123/go-ninjabot/notification/telegram.go:238.8,238.24 1 0
github.com/imbpp123/go-ninjabot/notification/telegram.go:238.24,240.17 2 0
github.com/imbpp123/go-ninjabot/notification/telegram.go:240.17,242.4 1 0
github.com/imbpp123/go-ninjabot/notification/telegram.go:243.3,243.9 1 0
github.com/imbpp123/go-ninjabot/notification/telegram.go:246.2,246.30 1 0
github.com/imbpp123/go-ninjabot/notification/telegram.go:246.30,248.17 2 0
github.com/imbpp123/go-ninjabot/notification/telegram.go:248.17,252.4 3 0
github.com/imbpp123/go-ninjabot/notification/telegram.go:254.3,254.34 1 0
github.com/imbpp123/go-ninjabot/notification/telegram.go:257.2,258.16 2 0
github.com/imbpp123/go-ninjabot/notification/telegram.go:258.16,260.3 1 0
github.com/imbpp123/go-ninjabot/notification/telegram.go:261.2,261.52 1 0
github.com/imbpp123/go-ninjabot/notification/telegram.go:264.45,266.21 2 0
github.com/imbpp123/go-ninjabot/notification/telegram.go:266.21,268.17 2 0
github.com/imbpp123/go-ninjabot/notification/telegram.go:268.17,270.4 1 0
github.com/imbpp123/go-ninjabot/notification/telegram.go:271.3,271.9 1 0
github.com/imbpp123/go-ninjabot/notification/telegram.go:274.2,275.48 2 0
github.com/imbpp123/go-ninjabot/notification/telegram.go:275.48,276.27 1 0
github.com/imbpp123/go-ninjabot/notification/telegram.go:276.27,278.4 1 0
github.com/imbpp123/go-ninjabot/notification/telegram.go:281.2,283.16 3 0
github.com/imbpp123/go-ninjabot/notification/telegram.go:283.16,287.3 3 0
github.com/imbpp123/go-ninjabot/notification/telegram.go:287.8,287.24 1 0
github.com/imbpp123/go-ninjabot/notification/telegram.go:287.24,289.17 2 0
github.com/imbpp123/go-ninjabot/notification/telegram.go:289.17,291.4 1 0
github.com/imbpp123/go-ninjabot/notification/telegram.go:292.3,292.9 1 0
github.com/imbpp123/go-ninjabot/notification/telegram.go:295.2,295.30 1 0
github.com/imbpp123/go-ninjabot/notification/telegram.go:295.30,297.17 2 0
github.com/imbpp123/go-ninjabot/notification/telegram.go:297.17,299.4 1 0
github.com/imbpp123/go-ninjabot/notification/telegram.go:301.3,303.17 3 0
github.com/imbpp123/go-ninjabot/notification/telegram.go:303.17,305.4 1 0
github.com/imbpp123/go-ninjabot/notification/telegram.go:306.3,307.9 2 0
github.com/imbpp123/go-ninjabot/notification/telegram.go:310.2,311.16 2 0
github.com/imbpp123/go-ninjabot/notification/telegram.go:311.16,313.3 1 0
github.com/imbpp123/go-ninjabot/notification/telegram.go:314.2,314.53 1 0
github.com/imbpp123/go-ninjabot/notification/telegram.go:317.47,320.16 3 0
github.com/imbpp123/go-ninjabot/notification/telegram.go:320.16,322.3 1 0
github.com/imbpp123/go-ninjabot/notification/telegram.go:325.46,326.55 1 0
github.com/imbpp123/go-ninjabot/notification/telegram.go:326.55,328.17 2 0
github.com/imbpp123/go-ninjabot/notification/telegram.go:328.17,330.4 1 0
github.com/imbpp123/go-ninjabot/notification/telegram.go:331.3,331.9 1 0
github.com/imbpp123/go-ninjabot/notification/telegram.go:334.2,336.16 3 0
github.com/imbpp123/go-ninjabot/notification/telegram.go:336.16,338.3 1 0
github.com/imbpp123/go-ninjabot/notification/telegram.go:341.45,342.55 1 0
github.com/imbpp123/go-ninjabot/notification/telegram.go:342.55,344.17 2 0
github.com/imbpp123/go-ninjabot/notification/telegram.go:344.17,346.4 1 0
github.com/imbpp123/go-ninjabot/notification/telegram.go:347.3,347.9 1 0
github.com/imbpp123/go-ninjabot/notification/telegram.go:350.2,352.16 3 0
github.com/imbpp123/go-ninjabot/notification/telegram.go:352.16,354.3 1 0
github.com/imbpp123/go-ninjabot/notification/telegram.go:357.46,359.22 2 0
github.com/imbpp123/go-ninjabot/notification/telegram.go:360.35,361.59 1 0
github.com/imbpp123/go-ninjabot/notification/telegram.go:362.32,363.57 1 0
github.com/imbpp123/go-ninjabot/notification/telegram.go:364.68,365.72 1 0
github.com/imbpp123/go-ninjabot/notification/telegram.go:367.2,368.19 2 0
github.com/imbpp123/go-ninjabot/notification/telegram.go:371.38,375.33 3 0
github.com/imbpp123/go-ninjabot/notification/telegram.go:375.33,384.3 3 0
github.com/imbpp123/go-ninjabot/notification/telegram.go:386.2,386.52 1 0
github.com/imbpp123/go-ninjabot/plot/indicator/bollingerbands.go:13.106,20.2 1 0
github.com/imbpp123/go-ninjabot/plot/indicator/bollingerbands.go:33.39,35.2 1 0
github.com/imbpp123/go-ninjabot/plot/indicator/bollingerbands.go:37.40,39.2 1 0
github.com/imbpp123/go-ninjabot/plot/indicator/bollingerbands.go:41.41,43.2 1 0
github.com/imbpp123/go-ninjabot/plot/indicator/bollingerbands.go:45.60,46.37 1 0
github.com/imbpp123/go-ninjabot/plot/indicator/bollingerbands.go:46.37,48.3 1 0
github.com/imbpp123/go-ninjabot/plot/indicator/bollingerbands.go:50.2,53.38 3 0
github.com/imbpp123/go-ninjabot/plot/indicator/bollingerbands.go:56.59,77.2 1 0
github.com/imbpp123/go-ninjabot/plot/indicator/cci.go:13.51,18.2 1 0
github.com/imbpp123/go-ninjabot/plot/indicator/cci.go:27.27,29.2 1 0
github.com/imbpp123/go-ninjabot/plot/indicator/cci.go:31.28,33.2 1 0
github.com/imbpp123/go-ninjabot/plot/indicator/cci.go:35.29,37.2 1 0
github.com/imbpp123/go-ninjabot/plot/indicator/cci.go:39.48,42.2 2 0
github.com/imbpp123/go-ninjabot/plot/indicator/cci.go:44.47,53.2 1 0
github.com/imbpp123/go-ninjabot/plot/indicator/ema.go:13.51,18.2 1 0
github.com/imbpp123/go-ninjabot/plot/indicator/ema.go:27.27,29.2 1 0
github.com/imbpp123/go-ninjabot/plot/indicator/ema.go:31.28,33.2 1 0
github.com/imbpp123/go-ninjabot/plot/indicator/ema.go:35.29,37.2 1 0
github.com/imbpp123/go-ninjabot/plot/indicator/ema.go:39.48,40.36 1 0
github.com/imbpp123/go-ninjabot/plot/indicator/ema.go:40.36,42.3 1 0
github.com/imbpp123/go-ninjabot/plot/indicator/ema.go:44.2,45.36 2 0
github.com/imbpp123/go-ninjabot/plot/indicator/ema.go:48.47,57.2 1 0
github.com/imbpp123/go-ninjabot/plot/indicator/macd.go:13.100,22.2 1 0
github.com/imbpp123/go-ninjabot/plot/indicator/macd.go:37.28,39.2 1 0
github.com/imbpp123/go-ninjabot/plot/indicator/macd.go:41.29,43.2 1 0
github.com/imbpp123/go-ninjabot/plot/indicator/macd.go:45.30,47.2 1 0
github.com/imbpp123/go-ninjabot/plot/indicator/macd.go:49.42,56.2 6 0
github.com/imbpp123/go-ninjabot/plot/indicator/macd.go:58.48,82.2 1 0
github.com/imbpp123/go-ninjabot/plot/indicator/obv.go:12.39,16.2 1 0
github.com/imbpp123/go-ninjabot/plot/indicator/obv.go:24.27,26.2 1 0
github.com/imbpp123/go-ninjabot/plot/indicator/obv.go:28.28,30.2 1 0
github.com/imbpp123/go-ninjabot/plot/indicator/obv.go:32.29,34.2 1 0
github.com/imbpp123/go-ninjabot/plot/indicator/obv.go:36.41,39.2 2 0
github.com/imbpp123/go-ninjabot/plot/indicator/obv.go:41.47,50.2 1 0
github.com/imbpp123/go-ninjabot/plot/indicator/rsi.go:13.51,18.2 1 0
github.com/imbpp123/go-ninjabot/plot/indicator/rsi.go:27.27,29.2 1 0
github.com/imbpp123/go-ninjabot/plot/indicator/rsi.go:31.28,33.2 1 0
github.com/imbpp123/go-ninjabot/plot/indicator/rsi.go:35.29,37.2 1 0
github.com/imbpp123/go-ninjabot/plot/indicator/rsi.go:39.48,40.36 1 0
github.com/imbpp123/go-ninjabot/plot/indicator/rsi.go:40.36,42.3 1 0
github.com/imbpp123/go-ninjabot/plot/indicator/rsi.go:44.2,45.36 2 0
github.com/imbpp123/go-ninjabot/plot/indicator/rsi.go:48.47,57.2 1 0
github.com/imbpp123/go-ninjabot/plot/indicator/sma.go:13.51,18.2 1 0
github.com/imbpp123/go-ninjabot/plot/indicator/sma.go:27.27,29.2 1 0
github.com/imbpp123/go-ninjabot/plot/indicator/sma.go:31.28,33.2 1 0
github.com/imbpp123/go-ninjabot/plot/indicator/sma.go:35.29,37.2 1 0
github.com/imbpp123/go-ninjabot/plot/indicator/sma.go:39.48,40.36 1 0
github.com/imbpp123/go-ninjabot/plot/indicator/sma.go:40.36,42.3 1 0
github.com/imbpp123/go-ninjabot/plot/indicator/sma.go:44.2,45.36 2 0
github.com/imbpp123/go-ninjabot/plot/indicator/sma.go:48.47,57.2 1 0
github.com/imbpp123/go-ninjabot/plot/indicator/stoch.go:13.75,21.2 1 0
github.com/imbpp123/go-ninjabot/plot/indicator/stoch.go:34.29,36.2 1 0
github.com/imbpp123/go-ninjabot/plot/indicator/stoch.go:38.30,40.2 1 0
github.com/imbpp123/go-ninjabot/plot/indicator/stoch.go:42.31,44.2 1 0
github.com/imbpp123/go-ninjabot/plot/indicator/stoch.go:46.50,51.2 2 0
github.com/imbpp123/go-ninjabot/plot/indicator/stoch.go:53.49,70.2 1 0
github.com/imbpp123/go-ninjabot/plot/indicator/supertrend.go:13.73,19.2 1 0
github.com/imbpp123/go-ninjabot/plot/indicator/supertrend.go:34.34,36.2 1 0
github.com/imbpp123/go-ninjabot/plot/indicator/supertrend.go:38.35,40.2 1 0
github.com/imbpp123/go-ninjabot/plot/indicator/supertrend.go:42.36,44.2 1 0
github.com/imbpp123/go-ninjabot/plot/indicator/supertrend.go:46.48,47.29 1 0
github.com/imbpp123/go-ninjabot/plot/indicator/supertrend.go:47.29,49.3 1 0
github.com/imbpp123/go-ninjabot/plot/indicator/supertrend.go:51.2,58.45 7 0
github.com/imbpp123/go-ninjabot/plot/indicator/supertrend.go:58.45,62.13 3 0
github.com/imbpp123/go-ninjabot/plot/indicator/supertrend.go:62.13,64.4 1 0
github.com/imbpp123/go-ninjabot/plot/indicator/supertrend.go:64.9,65.42 1 0
github.com/imbpp123/go-ninjabot/plot/indicator/supertrend.go:65.42,67.4 1 0
github.com/imbpp123/go-ninjabot/plot/indicator/supertrend.go:67.9,69.4 1 0
github.com/imbpp123/go-ninjabot/plot/indicator/supertrend.go:71.3,72.42 1 0
github.com/imbpp123/go-ninjabot/plot/indicator/supertrend.go:72.42,74.4 1 0
github.com/imbpp123/go-ninjabot/plot/indicator/supertrend.go:74.9,76.4 1 0
github.com/imbpp123/go-ninjabot/plot/indicator/supertrend.go:78.3,78.59 1 0
github.com/imbpp123/go-ninjabot/plot/indicator/supertrend.go:78.59,79.41 1 0
github.com/imbpp123/go-ninjabot/plot/indicator/supertrend.go:79.41,81.5 1 0
github.com/imbpp123/go-ninjabot/plot/indicator/supertrend.go:81.10,83.5 1 0
github.com/imbpp123/go-ninjabot/plot/indicator/supertrend.go:84.9,85.41 1 0
github.com/imbpp123/go-ninjabot/plot/indicator/supertrend.go:85.41,87.5 1 0
github.com/imbpp123/go-ninjabot/plot/indicator/supertrend.go:87.10,89.5 1 0
github.com/imbpp123/go-ninjabot/plot/indicator/supertrend.go:93.2,94.40 2 0
github.com/imbpp123/go-ninjabot/plot/indicator/supertrend.go:98.54,107.2 1 0
github.com/imbpp123/go-ninjabot/plot/indicator/willr.go:13.53,18.2 1 0
github.com/imbpp123/go-ninjabot/plot/indicator/willr.go:27.29,29.2 1 0
github.com/imbpp123/go-ninjabot/plot/indicator/willr.go:31.30,33.2 1 0
github.com/imbpp123/go-ninjabot/plot/indicator/willr.go:35.31,37.2 1 0
github.com/imbpp123/go-ninjabot/plot/indicator/willr.go:39.50,40.36 1 0
github.com/imbpp123/go-ninjabot/plot/indicator/willr.go:40.36,42.3 1 0
github.com/imbpp123/go-ninjabot/plot/indicator/willr.go:44.2,45.36 2 0
github.com/imbpp123/go-ninjabot/plot/indicator/willr.go:48.49,57.2 1 0
github.com/imbpp123/go-ninjabot/strategy/controller.go:17.95,28.2 2 0
github.com/imbpp123/go-ninjabot/strategy/controller.go:30.30,32.2 1 0
github.com/imbpp123/go-ninjabot/strategy/controller.go:34.59,35.77 1 0
github.com/imbpp123/go-ninjabot/strategy/controller.go:35.77,36.56 1 0
github.com/imbpp123/go-ninjabot/strategy/controller.go:36.56,40.4 3 0
github.com/imbpp123/go-ninjabot/strategy/controller.go:44.59,45.95 1 0
github.com/imbpp123/go-ninjabot/strategy/controller.go:45.95,53.37 8 0
github.com/imbpp123/go-ninjabot/strategy/controller.go:53.37,55.4 1 0
github.com/imbpp123/go-ninjabot/strategy/controller.go:56.8,64.37 8 0
github.com/imbpp123/go-ninjabot/strategy/controller.go:64.37,66.4 1 0
github.com/imbpp123/go-ninjabot/strategy/controller.go:70.52,71.96 1 0
github.com/imbpp123/go-ninjabot/strategy/controller.go:71.96,74.3 2 0
github.com/imbpp123/go-ninjabot/strategy/controller.go:76.2,78.57 2 0
github.com/imbpp123/go-ninjabot/strategy/controller.go:78.57,81.16 3 0
github.com/imbpp123/go-ninjabot/strategy/controller.go:81.16,83.4 1 0
github.com/imbpp123/go-ninjabot/download/download.go:22.56,26.2 1 0
github.com/imbpp123/go-ninjabot/download/download.go:35.48,36.38 1 2
github.com/imbpp123/go-ninjabot/download/download.go:36.38,39.3 2 2
github.com/imbpp123/go-ninjabot/download/download.go:42.32,43.38 1 0
github.com/imbpp123/go-ninjabot/download/download.go:43.38,46.3 2 0
github.com/imbpp123/go-ninjabot/download/download.go:49.87,52.16 3 5
github.com/imbpp123/go-ninjabot/download/download.go:52.16,54.3 1 1
github.com/imbpp123/go-ninjabot/download/download.go:55.2,55.53 1 4
github.com/imbpp123/go-ninjabot/download/download.go:58.115,60.16 2 1
github.com/imbpp123/go-ninjabot/download/download.go:60.16,62.3 1 0
github.com/imbpp123/go-ninjabot/download/download.go:63.2,71.33 4 1
github.com/imbpp123/go-ninjabot/download/download.go:71.33,73.3 1 1
github.com/imbpp123/go-ninjabot/download/download.go:75.2,78.33 2 1
github.com/imbpp123/go-ninjabot/download/download.go:78.33,81.3 1 1
github.com/imbpp123/go-ninjabot/download/download.go:81.8,83.3 1 0
github.com/imbpp123/go-ninjabot/download/download.go:85.2,86.16 2 1
github.com/imbpp123/go-ninjabot/download/download.go:86.16,88.3 1 0
github.com/imbpp123/go-ninjabot/download/download.go:89.2,103.16 9 1
github.com/imbpp123/go-ninjabot/download/download.go:103.16,105.3 1 0
github.com/imbpp123/go-ninjabot/download/download.go:107.2,107.103 1 1
github.com/imbpp123/go-ninjabot/download/download.go:107.103,109.33 2 1
github.com/imbpp123/go-ninjabot/download/download.go:109.33,111.4 1 0
github.com/imbpp123/go-ninjabot/download/download.go:111.9,114.4 2 1
github.com/imbpp123/go-ninjabot/download/download.go:116.3,117.17 2 1
github.com/imbpp123/go-ninjabot/download/download.go:117.17,119.4 1 0
github.com/imbpp123/go-ninjabot/download/download.go:121.3,121.34 1 1
github.com/imbpp123/go-ninjabot/download/download.go:121.34,123.18 2 14
github.com/imbpp123/go-ninjabot/download/download.go:123.18,125.5 1 0
github.com/imbpp123/go-ninjabot/download/download.go:128.3,129.18 2 1
github.com/imbpp123/go-ninjabot/download/download.go:129.18,131.4 1 0
github.com/imbpp123/go-ninjabot/download/download.go:133.3,133.54 1 1
github.com/imbpp123/go-ninjabot/download/download.go:133.54,135.4 1 0
github.com/imbpp123/go-ninjabot/download/download.go:138.2,138.43 1 1
github.com/imbpp123/go-ninjabot/download/download.go:138.43,140.3 1 0
github.com/imbpp123/go-ninjabot/download/download.go:142.2,142.18 1 1
github.com/imbpp123/go-ninjabot/download/download.go:142.18,144.3 1 0
github.com/imbpp123/go-ninjabot/download/download.go:146.2,148.23 3 1
github.com/imbpp123/go-ninjabot/tools/log/logger.go:19.46,20.16 1 0
github.com/imbpp123/go-ninjabot/tools/log/logger.go:20.16,22.3 1 0
github.com/imbpp123/go-ninjabot/tools/log/logger.go:25.55,26.15 1 0
github.com/imbpp123/go-ninjabot/tools/log/logger.go:27.24,28.27 1 0
github.com/imbpp123/go-ninjabot/tools/log/logger.go:29.24,30.27 1 0
github.com/imbpp123/go-ninjabot/tools/log/logger.go:31.25,32.28 1 0
github.com/imbpp123/go-ninjabot/tools/log/logger.go:33.25,34.28 1 0
github.com/imbpp123/go-ninjabot/tools/log/logger.go:35.25,36.28 1 0
github.com/imbpp123/go-ninjabot/tools/log/logger.go:37.25,38.14 1 0
github.com/imbpp123/go-ninjabot/tools/log/logger.go:39.10,40.28 1 0
github.com/imbpp123/go-ninjabot/tools/log/logger.go:44.47,46.2 1 0
github.com/imbpp123/go-ninjabot/tools/log/logger.go:48.35,50.2 1 0
github.com/imbpp123/go-ninjabot/tools/log/logger.go:52.61,54.2 1 0
github.com/imbpp123/go-ninjabot/tools/log/logger.go:56.53,58.2 1 0
github.com/imbpp123/go-ninjabot/tools/log/logger.go:60.36,62.2 1 0
github.com/imbpp123/go-ninjabot/tools/log/logger.go:64.52,66.2 1 0
github.com/imbpp123/go-ninjabot/tools/log/logger.go:68.36,70.2 1 0
github.com/imbpp123/go-ninjabot/tools/log/logger.go:72.52,74.2 1 0
github.com/imbpp123/go-ninjabot/tools/log/logger.go:76.37,78.2 1 0
github.com/imbpp123/go-ninjabot/tools/log/logger.go:80.53,82.2 1 0
github.com/imbpp123/go-ninjabot/tools/log/logger.go:84.37,86.2 1 0
github.com/imbpp123/go-ninjabot/tools/log/logger.go:88.37,90.2 1 0
github.com/imbpp123/go-ninjabot/tools/log/logger.go:92.53,94.2 1 0
github.com/imbpp123/go-ninjabot/ninjabot.go:28.13,33.2 1 1
github.com/imbpp123/go-ninjabot/ninjabot.go:64.40,76.38 2 1
github.com/imbpp123/go-ninjabot/ninjabot.go:76.38,78.33 2 2
github.com/imbpp123/go-ninjabot/ninjabot.go:78.33,80.4 1 0
github.com/imbpp123/go-ninjabot/ninjabot.go:83.2,83.33 1 1
github.com/imbpp123/go-ninjabot/ninjabot.go:83.33,85.3 1 3
github.com/imbpp123/go-ninjabot/ninjabot.go:87.2,88.24 2 1
github.com/imbpp123/go-ninjabot/ninjabot.go:88.24,90.17 2 0
github.com/imbpp123/go-ninjabot/ninjabot.go:90.17,92.4 1 0
github.com/imbpp123/go-ninjabot/ninjabot.go:95.2,97.31 2 1
github.com/imbpp123/go-ninjabot/ninjabot.go:97.31,99.17 2 0
github.com/imbpp123/go-ninjabot/ninjabot.go:99.17,101.4 1 0
github.com/imbpp123/go-ninjabot/ninjabot.go:103.3,103.34 1 0
github.com/imbpp123/go-ninjabot/ninjabot.go:106.2,106.17 1 1
github.com/imbpp123/go-ninjabot/ninjabot.go:111.56,112.29 1 1
github.com/imbpp123/go-ninjabot/ninjabot.go:112.29,116.3 3 1
github.com/imbpp123/go-ninjabot/ninjabot.go:120.50,121.29 1 1
github.com/imbpp123/go-ninjabot/ninjabot.go:121.29,123.3 1 1
github.com/imbpp123/go-ninjabot/ninjabot.go:127.43,128.27 1 1
github.com/imbpp123/go-ninjabot/ninjabot.go:128.27,130.3 1 1
github.com/imbpp123/go-ninjabot/ninjabot.go:134.53,135.29 1 0
github.com/imbpp123/go-ninjabot/ninjabot.go:135.29,139.3 3 0
github.com/imbpp123/go-ninjabot/ninjabot.go:143.65,144.29 1 0
github.com/imbpp123/go-ninjabot/ninjabot.go:144.29,146.3 1 0
github.com/imbpp123/go-ninjabot/ninjabot.go:150.59,151.29 1 1
github.com/imbpp123/go-ninjabot/ninjabot.go:151.29,153.3 1 1
github.com/imbpp123/go-ninjabot/ninjabot.go:156.71,157.40 1 0
github.com/imbpp123/go-ninjabot/ninjabot.go:157.40,158.46 1 0
github.com/imbpp123/go-ninjabot/ninjabot.go:158.46,160.4 1 0
github.com/imbpp123/go-ninjabot/ninjabot.go:164.63,165.29 1 0
github.com/imbpp123/go-ninjabot/ninjabot.go:165.29,167.3 1 0
github.com/imbpp123/go-ninjabot/ninjabot.go:170.69,171.40 1 0
github.com/imbpp123/go-ninjabot/ninjabot.go:171.40,172.46 1 0
github.com/imbpp123/go-ninjabot/ninjabot.go:172.46,174.4 1 0
github.com/imbpp123/go-ninjabot/ninjabot.go:178.51,180.2 1 0
github.com/imbpp123/go-ninjabot/ninjabot.go:184.30,201.52 9 1
github.com/imbpp123/go-ninjabot/ninjabot.go:201.52,224.3 10 2
github.com/imbpp123/go-ninjabot/ninjabot.go:226.2,244.28 7 1
github.com/imbpp123/go-ninjabot/ninjabot.go:244.28,247.3 2 24
github.com/imbpp123/go-ninjabot/ninjabot.go:248.2,253.55 5 1
github.com/imbpp123/go-ninjabot/ninjabot.go:253.55,266.3 8 2
github.com/imbpp123/go-ninjabot/ninjabot.go:268.2,270.26 2 1
github.com/imbpp123/go-ninjabot/ninjabot.go:270.26,272.3 1 1
github.com/imbpp123/go-ninjabot/ninjabot.go:276.55,277.52 1 0
github.com/imbpp123/go-ninjabot/ninjabot.go:277.52,279.57 2 0
github.com/imbpp123/go-ninjabot/ninjabot.go:279.57,281.4 1 0
github.com/imbpp123/go-ninjabot/ninjabot.go:283.2,283.12 1 0
github.com/imbpp123/go-ninjabot/ninjabot.go:286.50,288.2 1 8626
github.com/imbpp123/go-ninjabot/ninjabot.go:290.55,291.26 1 0
github.com/imbpp123/go-ninjabot/ninjabot.go:291.26,293.3 1 0
github.com/imbpp123/go-ninjabot/ninjabot.go:295.2,296.21 2 0
github.com/imbpp123/go-ninjabot/ninjabot.go:296.21,299.3 2 0
github.com/imbpp123/go-ninjabot/ninjabot.go:303.37,304.52 1 0
github.com/imbpp123/go-ninjabot/ninjabot.go:304.52,306.3 1 0
github.com/imbpp123/go-ninjabot/ninjabot.go:311.38,315.38 3 1
github.com/imbpp123/go-ninjabot/ninjabot.go:315.38,319.27 3 8626
github.com/imbpp123/go-ninjabot/ninjabot.go:319.27,321.4 1 8626
github.com/imbpp123/go-ninjabot/ninjabot.go:323.3,324.22 2 8626
github.com/imbpp123/go-ninjabot/ninjabot.go:324.22,326.4 1 360
github.com/imbpp123/go-ninjabot/ninjabot.go:328.3,328.44 1 8626
github.com/imbpp123/go-ninjabot/ninjabot.go:328.44,330.4 1 0
github.com/imbpp123/go-ninjabot/ninjabot.go:336.68,337.16 1 2
github.com/imbpp123/go-ninjabot/ninjabot.go:337.16,339.3 1 2
github.com/imbpp123/go-ninjabot/ninjabot.go:341.2,342.16 2 0
github.com/imbpp123/go-ninjabot/ninjabot.go:342.16,344.3 1 0
github.com/imbpp123/go-ninjabot/ninjabot.go:346.2,346.33 1 0
github.com/imbpp123/go-ninjabot/ninjabot.go:346.33,348.3 1 0
github.com/imbpp123/go-ninjabot/ninjabot.go:350.2,352.12 2 0
github.com/imbpp123/go-ninjabot/ninjabot.go:356.51,357.40 1 1
github.com/imbpp123/go-ninjabot/ninjabot.go:357.40,363.17 3 2
github.com/imbpp123/go-ninjabot/ninjabot.go:363.17,365.4 1 0
github.com/imbpp123/go-ninjabot/ninjabot.go:368.3,371.40 2 2
github.com/imbpp123/go-ninjabot/ninjabot.go:375.2,378.23 4 1
github.com/imbpp123/go-ninjabot/ninjabot.go:378.23,380.3 1 0
github.com/imbpp123/go-ninjabot/ninjabot.go:383.2,386.16 2 1
github.com/imbpp123/go-ninjabot/ninjabot.go:386.16,388.3 1 1
github.com/imbpp123/go-ninjabot/ninjabot.go:388.8,390.3 1 0
github.com/imbpp123/go-ninjabot/ninjabot.go:392.2,392.12 1 1
github.com/imbpp123/go-ninjabot/exchange/assets.go:23.32,27.2 1 9
github.com/imbpp123/go-ninjabot/exchange/assets.go:29.60,34.2 3 7
github.com/imbpp123/go-ninjabot/exchange/assets.go:36.63,41.9 4 36
github.com/imbpp123/go-ninjabot/exchange/assets.go:41.9,43.3 1 3
github.com/imbpp123/go-ninjabot/exchange/assets.go:45.2,45.19 1 33
github.com/imbpp123/go-ninjabot/exchange/assets.go:48.75,50.16 2 3
github.com/imbpp123/go-ninjabot/exchange/assets.go:50.16,52.3 1 0
github.com/imbpp123/go-ninjabot/exchange/assets.go:54.2,54.64 1 3
github.com/imbpp123/go-ninjabot/exchange/assets.go:54.64,56.3 1 2
github.com/imbpp123/go-ninjabot/exchange/assets.go:58.2,58.12 1 1
github.com/imbpp123/go-ninjabot/exchange/assets.go:61.75,63.16 2 3
github.com/imbpp123/go-ninjabot/exchange/assets.go:63.16,65.3 1 0
github.com/imbpp123/go-ninjabot/exchange/assets.go:67.2,67.64 1 3
github.com/imbpp123/go-ninjabot/exchange/assets.go:67.64,69.3 1 2
github.com/imbpp123/go-ninjabot/exchange/assets.go:71.2,71.12 1 1
github.com/imbpp123/go-ninjabot/exchange/assets.go:74.90,76.16 2 14
github.com/imbpp123/go-ninjabot/exchange/assets.go:76.16,78.3 1 1
github.com/imbpp123/go-ninjabot/exchange/assets.go:80.2,80.148 1 13
github.com/imbpp123/go-ninjabot/exchange/assets.go:83.84,85.16 2 14
github.com/imbpp123/go-ninjabot/exchange/assets.go:85.16,87.3 1 1
github.com/imbpp123/go-ninjabot/exchange/assets.go:89.2,89.137 1 13
github.com/imbpp123/go-ninjabot/exchange/binance.go:35.63,36.26 1 0
github.com/imbpp123/go-ninjabot/exchange/binance.go:36.26,39.3 2 0
github.com/imbpp123/go-ninjabot/exchange/binance.go:43.50,44.26 1 0
github.com/imbpp123/go-ninjabot/exchange/binance.go:44.26,46.3 1 0
github.com/imbpp123/go-ninjabot/exchange/binance.go:51.66,52.26 1 0
github.com/imbpp123/go-ninjabot/exchange/binance.go:52.26,54.3 1 0
github.com/imbpp123/go-ninjabot/exchange/binance.go:58.34,59.26 1 0
github.com/imbpp123/go-ninjabot/exchange/binance.go:59.26,61.3 1 0
github.com/imbpp123/go-ninjabot/exchange/binance.go:65.81,66.54 1 0
github.com/imbpp123/go-ninjabot/exchange/binance.go:66.54,68.3 1 0
github.com/imbpp123/go-ninjabot/exchange/binance.go:70.2,70.26 1 0
github.com/imbpp123/go-ninjabot/exchange/binance.go:70.26,74.3 3 0
github.com/imbpp123/go-ninjabot/exchange/binance.go:78.84,79.54 1 0
github.com/imbpp123/go-ninjabot/exchange/binance.go:79.54,81.3 1 0
github.com/imbpp123/go-ninjabot/exchange/binance.go:83.2,83.26 1 0
github.com/imbpp123/go-ninjabot/exchange/binance.go:83.26,87.3 3 0
github.com/imbpp123/go-ninjabot/exchange/binance.go:91.82,94.33 3 0
github.com/imbpp123/go-ninjabot/exchange/binance.go:94.33,96.3 1 0
github.com/imbpp123/go-ninjabot/exchange/binance.go:98.2,100.16 3 0
github.com/imbpp123/go-ninjabot/exchange/binance.go:100.16,102.3 1 0
github.com/imbpp123/go-ninjabot/exchange/binance.go:104.2,105.16 2 0
github.com/imbpp123/go-ninjabot/exchange/binance.go:105.16,107.3 1 0
github.com/imbpp123/go-ninjabot/exchange/binance.go:110.2,111.39 2 0
github.com/imbpp123/go-ninjabot/exchange/binance.go:111.39,113.3 1 0
github.com/imbpp123/go-ninjabot/exchange/binance.go:115.2,117.22 2 0
github.com/imbpp123/go-ninjabot/exchange/binance.go:120.80,122.36 2 0
github.com/imbpp123/go-ninjabot/exchange/binance.go:122.36,124.3 1 0
github.com/imbpp123/go-ninjabot/exchange/binance.go:125.2,125.30 1 0
github.com/imbpp123/go-ninjabot/exchange/binance.go:128.59,131.2 2 0
github.com/imbpp123/go-ninjabot/exchange/binance.go:133.65,134.70 1 0
github.com/imbpp123/go-ninjabot/exchange/binance.go:134.70,140.3 1 0
github.com/imbpp123/go-ninjabot/exchange/binance.go:142.2,142.12 1 0
github.com/imbpp123/go-ninjabot/exchange/binance.go:146.67,150.16 2 0
github.com/imbpp123/go-ninjabot/exchange/binance.go:150.16,152.3 1 0
github.com/imbpp123/go-ninjabot/exchange/binance.go:154.2,163.16 2 0
github.com/imbpp123/go-ninjabot/exchange/binance.go:163.16,165.3 1 0
github.com/imbpp123/go-ninjabot/exchange/binance.go:167.2,168.46 2 0
github.com/imbpp123/go-ninjabot/exchange/binance.go:168.46,184.88 4 0
github.com/imbpp123/go-ninjabot/exchange/binance.go:184.88,186.4 1 0
github.com/imbpp123/go-ninjabot/exchange/binance.go:188.3,188.32 1 0
github.com/imbpp123/go-ninjabot/exchange/binance.go:191.2,191.20 1 0
github.com/imbpp123/go-ninjabot/exchange/binance.go:194.102,196.16 2 0
github.com/imbpp123/go-ninjabot/exchange/binance.go:196.16,198.3 1 0
github.com/imbpp123/go-ninjabot/exchange/binance.go:200.2,207.16 2 0
github.com/imbpp123/go-ninjabot/exchange/binance.go:207.16,209.3 1 0
github.com/imbpp123/go-ninjabot/exchange/binance.go:211.2,224.8 3 0
github.com/imbpp123/go-ninjabot/exchange/binance.go:227.66,230.2 2 12
github.com/imbpp123/go-ninjabot/exchange/binance.go:232.69,235.2 2 12
github.com/imbpp123/go-ninjabot/exchange/binance.go:238.56,241.16 2 0
github.com/imbpp123/go-ninjabot/exchange/binance.go:241.16,243.3 1 0
github.com/imbpp123/go-ninjabot/exchange/binance.go:245.2,253.16 2 0
github.com/imbpp123/go-ninjabot/exchange/binance.go:253.16,255.3 1 0
github.com/imbpp123/go-ninjabot/exchange/binance.go:257.2,258.16 2 0
github.com/imbpp123/go-ninjabot/exchange/binance.go:258.16,260.3 1 0
github.com/imbpp123/go-ninjabot/exchange/binance.go:262.2,263.16 2 0
github.com/imbpp123/go-ninjabot/exchange/binance.go:263.16,265.3 1 0
github.com/imbpp123/go-ninjabot/exchange/binance.go:267.2,277.8 1 0
github.com/imbpp123/go-ninjabot/exchange/binance.go:280.110,282.16 2 0
github.com/imbpp123/go-ninjabot/exchange/binance.go:282.16,284.3 1 0
github.com/imbpp123/go-ninjabot/exchange/binance.go:286.2,293.16 2 0
github.com/imbpp123/go-ninjabot/exchange/binance.go:293.16,295.3 1 0
github.com/imbpp123/go-ninjabot/exchange/binance.go:297.2,298.16 2 0
github.com/imbpp123/go-ninjabot/exchange/binance.go:298.16,300.3 1 0
github.com/imbpp123/go-ninjabot/exchange/binance.go:302.2,303.16 2 0
github.com/imbpp123/go-ninjabot/exchange/binance.go:303.16,305.3 1 0
github.com/imbpp123/go-ninjabot/exchange/binance.go:307.2,317.8 1 0
github.com/imbpp123/go-ninjabot/exchange/binance.go:320.115,322.16 2 0
github.com/imbpp123/go-ninjabot/exchange/binance.go:322.16,324.3 1 0
github.com/imbpp123/go-ninjabot/exchange/binance.go:326.2,333.16 2 0
github.com/imbpp123/go-ninjabot/exchange/binance.go:333.16,335.3 1 0
github.com/imbpp123/go-ninjabot/exchange/binance.go:337.2,338.16 2 0
github.com/imbpp123/go-ninjabot/exchange/binance.go:338.16,340.3 1 0
github.com/imbpp123/go-ninjabot/exchange/binance.go:342.2,343.16 2 0
github.com/imbpp123/go-ninjabot/exchange/binance.go:343.16,345.3 1 0
github.com/imbpp123/go-ninjabot/exchange/binance.go:347.2,357.8 1 0
github.com/imbpp123/go-ninjabot/exchange/binance.go:360.51,362.16 2 0
github.com/imbpp123/go-ninjabot/exchange/binance.go:362.16,364.3 1 0
github.com/imbpp123/go-ninjabot/exchange/binance.go:366.2,370.12 2 0
github.com/imbpp123/go-ninjabot/exchange/binance.go:373.73,379.16 2 0
github.com/imbpp123/go-ninjabot/exchange/binance.go:379.16,381.3 1 0
github.com/imbpp123/go-ninjabot/exchange/binance.go:383.2,384.31 2 0
github.com/imbpp123/go-ninjabot/exchange/binance.go:384.31,386.3 1 0
github.com/imbpp123/go-ninjabot/exchange/binance.go:387.2,387.20 1 0
github.com/imbpp123/go-ninjabot/exchange/binance.go:390.70,392.16 2 0
github.com/imbpp123/go-ninjabot/exchange/binance.go:392.16,394.3 1 0
github.com/imbpp123/go-ninjabot/exchange/binance.go:396.2,401.16 2 0
github.com/imbpp123/go-ninjabot/exchange/binance.go:401.16,403.3 1 0
github.com/imbpp123/go-ninjabot/exchange/binance.go:405.2,405.29 1 0
github.com/imbpp123/go-ninjabot/exchange/binance.go:408.49,412.30 4 0
github.com/imbpp123/go-ninjabot/exchange/binance.go:412.30,414.3 1 0
github.com/imbpp123/go-ninjabot/exchange/binance.go:414.8,417.3 2 0
github.com/imbpp123/go-ninjabot/exchange/binance.go:419.2,429.3 1 0
github.com/imbpp123/go-ninjabot/exchange/binance.go:432.52,434.16 2 0
github.com/imbpp123/go-ninjabot/exchange/binance.go:434.16,436.3 1 0
github.com/imbpp123/go-ninjabot/exchange/binance.go:438.2,439.39 2 0
github.com/imbpp123/go-ninjabot/exchange/binance.go:439.39,441.17 2 0
github.com/imbpp123/go-ninjabot/exchange/binance.go:441.17,443.4 1 0
github.com/imbpp123/go-ninjabot/exchange/binance.go:444.3,445.17 2 0
github.com/imbpp123/go-ninjabot/exchange/binance.go:445.17,447.4 1 0
github.com/imbpp123/go-ninjabot/exchange/binance.go:448.3,452.5 1 0
github.com/imbpp123/go-ninjabot/exchange/binance.go:455.2,457.8 1 0
github.com/imbpp123/go-ninjabot/exchange/binance.go:460.75,463.16 3 0
github.com/imbpp123/go-ninjabot/exchange/binance.go:463.16,465.3 1 0
github.com/imbpp123/go-ninjabot/exchange/binance.go:467.2,469.90 2 0
github.com/imbpp123/go-ninjabot/exchange/binance.go:472.113,477.12 4 0
github.com/imbpp123/go-ninjabot/exchange/binance.go:477.12,483.7 2 0
github.com/imbpp123/go-ninjabot/exchange/binance.go:483.7,484.89 1 0
github.com/imbpp123/go-ninjabot/exchange/binance.go:484.89,488.40 3 0
github.com/imbpp123/go-ninjabot/exchange/binance.go:488.40,490.6 1 0
github.com/imbpp123/go-ninjabot/exchange/binance.go:492.5,492.24 1 0
github.com/imbpp123/go-ninjabot/exchange/binance.go:492.24,494.49 1 0
github.com/imbpp123/go-ninjabot/exchange/binance.go:494.49,497.7 2 0
github.com/imbpp123/go-ninjabot/exchange/binance.go:500.5,500.22 1 0
github.com/imbpp123/go-ninjabot/exchange/binance.go:502.23,504.5 1 0
github.com/imbpp123/go-ninjabot/exchange/binance.go:505.4,505.18 1 0
github.com/imbpp123/go-ninjabot/exchange/binance.go:505.18,510.5 4 0
github.com/imbpp123/go-ninjabot/exchange/binance.go:512.4,512.11 1 0
github.com/imbpp123/go-ninjabot/exchange/binance.go:513.22,516.11 3 0
github.com/imbpp123/go-ninjabot/exchange/binance.go:517.16,518.30 1 0
github.com/imbpp123/go-ninjabot/exchange/binance.go:523.2,523.22 1 0
github.com/imbpp123/go-ninjabot/exchange/binance.go:526.111,536.16 5 0
github.com/imbpp123/go-ninjabot/exchange/binance.go:536.16,538.3 1 0
github.com/imbpp123/go-ninjabot/exchange/binance.go:540.2,540.25 1 0
github.com/imbpp123/go-ninjabot/exchange/binance.go:540.25,543.19 2 0
github.com/imbpp123/go-ninjabot/exchange/binance.go:543.19,545.4 1 0
github.com/imbpp123/go-ninjabot/exchange/binance.go:547.3,547.36 1 0
github.com/imbpp123/go-ninjabot/exchange/binance.go:551.2,551.38 1 0
github.com/imbpp123/go-ninjabot/exchange/binance.go:555.48,567.16 5 0
github.com/imbpp123/go-ninjabot/exchange/binance.go:567.16,569.3 1 0
github.com/imbpp123/go-ninjabot/exchange/binance.go:571.2,571.25 1 0
github.com/imbpp123/go-ninjabot/exchange/binance.go:571.25,574.19 2 0
github.com/imbpp123/go-ninjabot/exchange/binance.go:574.19,576.4 1 0
github.com/imbpp123/go-ninjabot/exchange/binance.go:578.3,578.36 1 0
github.com/imbpp123/go-ninjabot/exchange/binance.go:581.2,581.21 1 0
github.com/imbpp123/go-ninjabot/exchange/binance.go:584.65,595.2 10 0
github.com/imbpp123/go-ninjabot/exchange/binance.go:597.69,608.2 10 0
github.com/imbpp123/go-ninjabot/exchange/binance.go:610.72,617.38 2 0
github.com/imbpp123/go-ninjabot/exchange/binance.go:617.38,618.42 1 0
github.com/imbpp123/go-ninjabot/exchange/binance.go:618.42,619.54 1 0
github.com/imbpp123/go-ninjabot/exchange/binance.go:619.54,623.5 3 0
github.com/imbpp123/go-ninjabot/exchange/binance.go:625.4,625.58 1 0
github.com/imbpp123/go-ninjabot/exchange/binance.go:625.58,629.5 3 0
github.com/imbpp123/go-ninjabot/exchange/binance.go:632.2,632.20 1 0
github.com/imbpp123/go-ninjabot/exchange/binance_future.go:40.63,41.32 1 0
github.com/imbpp123/go-ninjabot/exchange/binance_future.go:41.32,43.3 1 0
github.com/imbpp123/go-ninjabot/exchange/binance_future.go:47.75,48.32 1 0
github.com/imbpp123/go-ninjabot/exchange/binance_future.go:48.32,51.3 2 0
github.com/imbpp123/go-ninjabot/exchange/binance_future.go:55.102,56.32 1 0
github.com/imbpp123/go-ninjabot/exchange/binance_future.go:56.32,62.3 1 0
github.com/imbpp123/go-ninjabot/exchange/binance_future.go:66.100,69.33 3 0
github.com/imbpp123/go-ninjabot/exchange/binance_future.go:69.33,71.3 1 0
github.com/imbpp123/go-ninjabot/exchange/binance_future.go:73.2,75.16 3 0
github.com/imbpp123/go-ninjabot/exchange/binance_future.go:75.16,77.3 1 0
github.com/imbpp123/go-ninjabot/exchange/binance_future.go:79.2,80.16 2 0
github.com/imbpp123/go-ninjabot/exchange/binance_future.go:80.16,82.3 1 0
github.com/imbpp123/go-ninjabot/exchange/binance_future.go:85.2,85.46 1 0
github.com/imbpp123/go-ninjabot/exchange/binance_future.go:85.46,87.17 2 0
github.com/imbpp123/go-ninjabot/exchange/binance_future.go:87.17,89.4 1 0
github.com/imbpp123/go-ninjabot/exchange/binance_future.go:91.3,92.17 2 0
github.com/imbpp123/go-ninjabot/exchange/binance_future.go:92.17,93.97 1 0
github.com/imbpp123/go-ninjabot/exchange/binance_future.go:93.97,95.5 1 0
github.com/imbpp123/go-ninjabot/exchange/binance_future.go:100.2,101.39 2 0
github.com/imbpp123/go-ninjabot/exchange/binance_future.go:101.39,103.3 1 0
github.com/imbpp123/go-ninjabot/exchange/binance_future.go:105.2,107.22 2 0
github.com/imbpp123/go-ninjabot/exchange/binance_future.go:110.86,112.36 2 0
github.com/imbpp123/go-ninjabot/exchange/binance_future.go:112.36,114.3 1 0
github.com/imbpp123/go-ninjabot/exchange/binance_future.go:115.2,115.30 1 0
github.com/imbpp123/go-ninjabot/exchange/binance_future.go:118.65,121.2 2 0
github.com/imbpp123/go-ninjabot/exchange/binance_future.go:123.71,124.70 1 0
github.com/imbpp123/go-ninjabot/exchange/binance_future.go:124.70,130.3 1 0
github.com/imbpp123/go-ninjabot/exchange/binance_future.go:132.2,132.12 1 0
github.com/imbpp123/go-ninjabot/exchange/binance_future.go:136.45,137.26 1 0
github.com/imbpp123/go-ninjabot/exchange/binance_future.go:140.108,142.16 2 0
github.com/imbpp123/go-ninjabot/exchange/binance_future.go:142.16,144.3 1 0
github.com/imbpp123/go-ninjabot/exchange/binance_future.go:146.2,153.16 2 0
github.com/imbpp123/go-ninjabot/exchange/binance_future.go:153.16,155.3 1 0
github.com/imbpp123/go-ninjabot/exchange/binance_future.go:157.2,170.8 3 0
github.com/imbpp123/go-ninjabot/exchange/binance_future.go:173.72,176.2 2 0
github.com/imbpp123/go-ninjabot/exchange/binance_future.go:178.75,181.2 2 0
github.com/imbpp123/go-ninjabot/exchange/binance_future.go:184.56,187.16 2 0
github.com/imbpp123/go-ninjabot/exchange/binance_future.go:187.16,189.3 1 0
github.com/imbpp123/go-ninjabot/exchange/binance_future.go:191.2,199.16 2 0
github.com/imbpp123/go-ninjabot/exchange/binance_future.go:199.16,201.3 1 0
github.com/imbpp123/go-ninjabot/exchange/binance_future.go:203.2,204.16 2 0
github.com/imbpp123/go-ninjabot/exchange/binance_future.go:204.16,206.3 1 0
github.com/imbpp123/go-ninjabot/exchange/binance_future.go:208.2,209.16 2 0
github.com/imbpp123/go-ninjabot/exchange/binance_future.go:209.16,211.3 1 0
github.com/imbpp123/go-ninjabot/exchange/binance_future.go:213.2,223.8 1 0
github.com/imbpp123/go-ninjabot/exchange/binance_future.go:226.116,228.16 2 0
github.com/imbpp123/go-ninjabot/exchange/binance_future.go:228.16,230.3 1 0
github.com/imbpp123/go-ninjabot/exchange/binance_future.go:232.2,239.16 2 0
github.com/imbpp123/go-ninjabot/exchange/binance_future.go:239.16,241.3 1 0
github.com/imbpp123/go-ninjabot/exchange/binance_future.go:243.2,244.16 2 0
github.com/imbpp123/go-ninjabot/exchange/binance_future.go:244.16,246.3 1 0
github.com/imbpp123/go-ninjabot/exchange/binance_future.go:248.2,249.16 2 0
github.com/imbpp123/go-ninjabot/exchange/binance_future.go:249.16,251.3 1 0
github.com/imbpp123/go-ninjabot/exchange/binance_future.go:253.2,263.8 1 0
github.com/imbpp123/go-ninjabot/exchange/binance_future.go:266.108,267.26 1 0
github.com/imbpp123/go-ninjabot/exchange/binance_future.go:270.57,272.16 2 0
github.com/imbpp123/go-ninjabot/exchange/binance_future.go:272.16,274.3 1 0
github.com/imbpp123/go-ninjabot/exchange/binance_future.go:276.2,280.12 2 0
github.com/imbpp123/go-ninjabot/exchange/binance_future.go:283.79,289.16 2 0
github.com/imbpp123/go-ninjabot/exchange/binance_future.go:289.16,291.3 1 0
github.com/imbpp123/go-ninjabot/exchange/binance_future.go:293.2,294.31 2 0
github.com/imbpp123/go-ninjabot/exchange/binance_future.go:294.31,296.3 1 0
github.com/imbpp123/go-ninjabot/exchange/binance_future.go:297.2,297.20 1 0
github.com/imbpp123/go-ninjabot/exchange/binance_future.go:300.76,302.16 2 0
github.com/imbpp123/go-ninjabot/exchange/binance_future.go:302.16,304.3 1 0
github.com/imbpp123/go-ninjabot/exchange/binance_future.go:306.2,311.16 2 0
github.com/imbpp123/go-ninjabot/exchange/binance_future.go:311.16,313.3 1 0
github.com/imbpp123/go-ninjabot/exchange/binance_future.go:315.2,315.42 1 0
github.com/imbpp123/go-ninjabot/exchange/binance_future.go:318.62,325.30 4 0
github.com/imbpp123/go-ninjabot/exchange/binance_future.go:325.30,327.3 1 0
github.com/imbpp123/go-ninjabot/exchange/binance_future.go:327.8,332.3 4 0
github.com/imbpp123/go-ninjabot/exchange/binance_future.go:334.2,344.3 1 0
github.com/imbpp123/go-ninjabot/exchange/binance_future.go:347.58,349.16 2 0
github.com/imbpp123/go-ninjabot/exchange/binance_future.go:349.16,351.3 1 0
github.com/imbpp123/go-ninjabot/exchange/binance_future.go:353.2,354.41 2 0
github.com/imbpp123/go-ninjabot/exchange/binance_future.go:354.41,356.17 2 0
github.com/imbpp123/go-ninjabot/exchange/binance_future.go:356.17,358.4 1 0
github.com/imbpp123/go-ninjabot/exchange/binance_future.go:360.3,360.16 1 0
github.com/imbpp123/go-ninjabot/exchange/binance_future.go:360.16,361.12 1 0
github.com/imbpp123/go-ninjabot/exchange/binance_future.go:364.3,365.17 2 0
github.com/imbpp123/go-ninjabot/exchange/binance_future.go:365.17,367.4 1 0
github.com/imbpp123/go-ninjabot/exchange/binance_future.go:369.3,369.61 1 0
github.com/imbpp123/go-ninjabot/exchange/binance_future.go:369.61,371.4 1 0
github.com/imbpp123/go-ninjabot/exchange/binance_future.go:373.3,379.5 2 0
github.com/imbpp123/go-ninjabot/exchange/binance_future.go:382.2,382.35 1 0
github.com/imbpp123/go-ninjabot/exchange/binance_future.go:382.35,384.17 2 0
github.com/imbpp123/go-ninjabot/exchange/binance_future.go:384.17,386.4 1 0
github.com/imbpp123/go-ninjabot/exchange/binance_future.go:388.3,388.16 1 0
github.com/imbpp123/go-ninjabot/exchange/binance_future.go:388.16,389.12 1 0
github.com/imbpp123/go-ninjabot/exchange/binance_future.go:392.3,395.5 1 0
github.com/imbpp123/go-ninjabot/exchange/binance_future.go:398.2,400.8 1 0
github.com/imbpp123/go-ninjabot/exchange/binance_future.go:403.81,406.16 3 0
github.com/imbpp123/go-ninjabot/exchange/binance_future.go:406.16,408.3 1 0
github.com/imbpp123/go-ninjabot/exchange/binance_future.go:410.2,412.90 2 0
github.com/imbpp123/go-ninjabot/exchange/binance_future.go:415.119,420.12 4 0
github.com/imbpp123/go-ninjabot/exchange/binance_future.go:420.12,426.7 2 0
github.com/imbpp123/go-ninjabot/exchange/binance_future.go:426.7,427.89 1 0
github.com/imbpp123/go-ninjabot/exchange/binance_future.go:427.89,431.40 3 0
github.com/imbpp123/go-ninjabot/exchange/binance_future.go:431.40,433.6 1 0
github.com/imbpp123/go-ninjabot/exchange/binance_future.go:435.5,435.24 1 0
github.com/imbpp123/go-ninjabot/exchange/binance_future.go:435.24,437.49 1 0
github.com/imbpp123/go-ninjabot/exchange/binance_future.go:437.49,440.7 2 0
github.com/imbpp123/go-ninjabot/exchange/binance_future.go:443.5,443.22 1 0
github.com/imbpp123/go-ninjabot/exchange/binance_future.go:445.23,447.5 1 0
github.com/imbpp123/go-ninjabot/exchange/binance_future.go:448.4,448.18 1 0
github.com/imbpp123/go-ninjabot/exchange/binance_future.go:448.18,453.5 4 0
github.com/imbpp123/go-ninjabot/exchange/binance_future.go:455.4,455.11 1 0
github.com/imbpp123/go-ninjabot/exchange/binance_future.go:456.22,459.11 3 0
github.com/imbpp123/go-ninjabot/exchange/binance_future.go:460.16,461.30 1 0
github.com/imbpp123/go-ninjabot/exchange/binance_future.go:466.2,466.22 1 0
github.com/imbpp123/go-ninjabot/exchange/binance_future.go:469.117,479.16 5 0
github.com/imbpp123/go-ninjabot/exchange/binance_future.go:479.16,481.3 1 0
github.com/imbpp123/go-ninjabot/exchange/binance_future.go:483.2,483.25 1 0
github.com/imbpp123/go-ninjabot/exchange/binance_future.go:483.25,486.19 2 0
github.com/imbpp123/go-ninjabot/exchange/binance_future.go:486.19,488.4 1 0
github.com/imbpp123/go-ninjabot/exchange/binance_future.go:490.3,490.36 1 0
github.com/imbpp123/go-ninjabot/exchange/binance_future.go:494.2,494.38 1 0
github.com/imbpp123/go-ninjabot/exchange/binance_future.go:498.48,510.16 5 0
github.com/imbpp123/go-ninjabot/exchange/binance_future.go:510.16,512.3 1 0
github.com/imbpp123/go-ninjabot/exchange/binance_future.go:514.2,514.25 1 0
github.com/imbpp123/go-ninjabot/exchange/binance_future.go:514.25,517.19 2 0
github.com/imbpp123/go-ninjabot/exchange/binance_future.go:517.19,519.4 1 0
github.com/imbpp123/go-ninjabot/exchange/binance_future.go:521.3,521.36 1 0
github.com/imbpp123/go-ninjabot/exchange/binance_future.go:524.2,524.21 1 0
github.com/imbpp123/go-ninjabot/exchange/binance_future.go:527.78,534.38 2 0
github.com/imbpp123/go-ninjabot/exchange/binance_future.go:534.38,535.42 1 0
github.com/imbpp123/go-ninjabot/exchange/binance_future.go:535.42,536.54 1 0
github.com/imbpp123/go-ninjabot/exchange/binance_future.go:536.54,540.5 3 0
github.com/imbpp123/go-ninjabot/exchange/binance_future.go:542.4,542.58 1 0
github.com/imbpp123/go-ninjabot/exchange/binance_future.go:542.58,546.5 3 0
github.com/imbpp123/go-ninjabot/exchange/binance_future.go:550.2,550.20 1 0
github.com/imbpp123/go-ninjabot/exchange/binance_future.go:553.78,570.2 16 0
github.com/imbpp123/go-ninjabot/exchange/binance_future.go:572.82,589.2 16 0
github.com/imbpp123/go-ninjabot/exchange/bybit_perpetual.go:31.64,32.33 1 0
github.com/imbpp123/go-ninjabot/exchange/bybit_perpetual.go:32.33,34.3 1 0
github.com/imbpp123/go-ninjabot/exchange/bybit_perpetual.go:38.89,39.33 1 0
github.com/imbpp123/go-ninjabot/exchange/bybit_perpetual.go:39.33,41.12 2 0
github.com/imbpp123/go-ninjabot/exchange/bybit_perpetual.go:41.12,43.4 1 0
github.com/imbpp123/go-ninjabot/exchange/bybit_perpetual.go:44.3,44.75 1 0
github.com/imbpp123/go-ninjabot/exchange/bybit_perpetual.go:49.104,50.33 1 0
github.com/imbpp123/go-ninjabot/exchange/bybit_perpetual.go:50.33,56.3 1 0
github.com/imbpp123/go-ninjabot/exchange/bybit_perpetual.go:60.103,65.33 2 0
github.com/imbpp123/go-ninjabot/exchange/bybit_perpetual.go:65.33,67.3 1 0
github.com/imbpp123/go-ninjabot/exchange/bybit_perpetual.go:70.2,70.40 1 0
github.com/imbpp123/go-ninjabot/exchange/bybit_perpetual.go:70.40,73.17 2 0
github.com/imbpp123/go-ninjabot/exchange/bybit_perpetual.go:73.17,75.4 1 0
github.com/imbpp123/go-ninjabot/exchange/bybit_perpetual.go:76.3,78.95 2 0
github.com/imbpp123/go-ninjabot/exchange/bybit_perpetual.go:78.95,80.4 1 0
github.com/imbpp123/go-ninjabot/exchange/bybit_perpetual.go:83.3,84.17 2 0
github.com/imbpp123/go-ninjabot/exchange/bybit_perpetual.go:84.17,86.4 1 0
github.com/imbpp123/go-ninjabot/exchange/bybit_perpetual.go:87.3,87.41 1 0
github.com/imbpp123/go-ninjabot/exchange/bybit_perpetual.go:87.41,88.75 1 0
github.com/imbpp123/go-ninjabot/exchange/bybit_perpetual.go:88.75,90.5 1 0
github.com/imbpp123/go-ninjabot/exchange/bybit_perpetual.go:94.2,96.16 2 0
github.com/imbpp123/go-ninjabot/exchange/bybit_perpetual.go:99.99,106.16 2 0
github.com/imbpp123/go-ninjabot/exchange/bybit_perpetual.go:106.16,108.3 1 0
github.com/imbpp123/go-ninjabot/exchange/bybit_perpetual.go:110.2,110.43 1 0
github.com/imbpp123/go-ninjabot/exchange/bybit_perpetual.go:110.43,112.3 1 0
github.com/imbpp123/go-ninjabot/exchange/bybit_perpetual.go:114.2,116.20 3 0
github.com/imbpp123/go-ninjabot/exchange/bybit_perpetual.go:116.20,118.3 1 0
github.com/imbpp123/go-ninjabot/exchange/bybit_perpetual.go:120.2,120.28 1 0
github.com/imbpp123/go-ninjabot/exchange/bybit_perpetual.go:120.28,122.30 2 0
github.com/imbpp123/go-ninjabot/exchange/bybit_perpetual.go:122.30,123.12 1 0
github.com/imbpp123/go-ninjabot/exchange/bybit_perpetual.go:126.3,149.24 16 0
github.com/imbpp123/go-ninjabot/exchange/bybit_perpetual.go:152.2,152.65 1 0
github.com/imbpp123/go-ninjabot/exchange/bybit_perpetual.go:156.85,165.16 3 0
github.com/imbpp123/go-ninjabot/exchange/bybit_perpetual.go:165.16,167.3 1 0
github.com/imbpp123/go-ninjabot/exchange/bybit_perpetual.go:169.2,169.22 1 0
github.com/imbpp123/go-ninjabot/exchange/bybit_perpetual.go:169.22,171.3 1 0
github.com/imbpp123/go-ninjabot/exchange/bybit_perpetual.go:173.2,175.20 3 0
github.com/imbpp123/go-ninjabot/exchange/bybit_perpetual.go:175.20,177.3 1 0
github.com/imbpp123/go-ninjabot/exchange/bybit_perpetual.go:179.2,179.25 1 0
github.com/imbpp123/go-ninjabot/exchange/bybit_perpetual.go:179.25,181.21 2 0
github.com/imbpp123/go-ninjabot/exchange/bybit_perpetual.go:181.21,184.18 3 0
github.com/imbpp123/go-ninjabot/exchange/bybit_perpetual.go:184.18,186.5 1 0
github.com/imbpp123/go-ninjabot/exchange/bybit_perpetual.go:188.4,188.19 1 0
github.com/imbpp123/go-ninjabot/exchange/bybit_perpetual.go:192.2,192.73 1 0
github.com/imbpp123/go-ninjabot/exchange/bybit_perpetual.go:196.92,207.16 3 0
github.com/imbpp123/go-ninjabot/exchange/bybit_perpetual.go:207.16,209.3 1 0
github.com/imbpp123/go-ninjabot/exchange/bybit_perpetual.go:211.2,211.22 1 0
github.com/imbpp123/go-ninjabot/exchange/bybit_perpetual.go:211.22,213.3 1 0
github.com/imbpp123/go-ninjabot/exchange/bybit_perpetual.go:215.2,215.12 1 0
github.com/imbpp123/go-ninjabot/exchange/bybit_perpetual.go:218.87,220.36 2 0
github.com/imbpp123/go-ninjabot/exchange/bybit_perpetual.go:220.36,222.3 1 0
github.com/imbpp123/go-ninjabot/exchange/bybit_perpetual.go:223.2,223.30 1 0
github.com/imbpp123/go-ninjabot/exchange/bybit_perpetual.go:226.66,229.2 2 0
github.com/imbpp123/go-ninjabot/exchange/bybit_perpetual.go:231.72,232.70 1 0
github.com/imbpp123/go-ninjabot/exchange/bybit_perpetual.go:232.70,238.3 1 0
github.com/imbpp123/go-ninjabot/exchange/bybit_perpetual.go:240.2,240.12 1 0
github.com/imbpp123/go-ninjabot/exchange/bybit_perpetual.go:243.112,245.2 1 0
github.com/imbpp123/go-ninjabot/exchange/bybit_perpetual.go:247.109,249.16 2 0
github.com/imbpp123/go-ninjabot/exchange/bybit_perpetual.go:249.16,251.3 1 0
github.com/imbpp123/go-ninjabot/exchange/bybit_perpetual.go:253.2,266.16 3 0
github.com/imbpp123/go-ninjabot/exchange/bybit_perpetual.go:266.16,268.3 1 0
github.com/imbpp123/go-ninjabot/exchange/bybit_perpetual.go:270.2,270.22 1 0
github.com/imbpp123/go-ninjabot/exchange/bybit_perpetual.go:270.22,272.3 1 0
github.com/imbpp123/go-ninjabot/exchange/bybit_perpetual.go:274.2,274.27 1 0
github.com/imbpp123/go-ninjabot/exchange/bybit_perpetual.go:277.73,280.2 2 0
github.com/imbpp123/go-ninjabot/exchange/bybit_perpetual.go:282.76,285.2 2 0
github.com/imbpp123/go-ninjabot/exchange/bybit_perpetual.go:287.131,289.16 2 0
github.com/imbpp123/go-ninjabot/exchange/bybit_perpetual.go:289.16,291.3 1 0
github.com/imbpp123/go-ninjabot/exchange/bybit_perpetual.go:293.2,293.27 1 0
github.com/imbpp123/go-ninjabot/exchange/bybit_perpetual.go:296.117,298.16 2 0
github.com/imbpp123/go-ninjabot/exchange/bybit_perpetual.go:298.16,300.3 1 0
github.com/imbpp123/go-ninjabot/exchange/bybit_perpetual.go:302.2,302.27 1 0
github.com/imbpp123/go-ninjabot/exchange/bybit_perpetual.go:305.153,314.19 2 0
github.com/imbpp123/go-ninjabot/exchange/bybit_perpetual.go:315.28,316.39 1 0
github.com/imbpp123/go-ninjabot/exchange/bybit_perpetual.go:317.29,318.40 1 0
github.com/imbpp123/go-ninjabot/exchange/bybit_perpetual.go:319.10,320.71 1 0
github.com/imbpp123/go-ninjabot/exchange/bybit_perpetual.go:323.2,323.14 1 0
github.com/imbpp123/go-ninjabot/exchange/bybit_perpetual.go:324.25,325.32 1 0
github.com/imbpp123/go-ninjabot/exchange/bybit_perpetual.go:326.26,327.33 1 0
github.com/imbpp123/go-ninjabot/exchange/bybit_perpetual.go:328.10,329.60 1 0
github.com/imbpp123/go-ninjabot/exchange/bybit_perpetual.go:332.2,335.16 2 0
github.com/imbpp123/go-ninjabot/exchange/bybit_perpetual.go:335.16,337.3 1 0
github.com/imbpp123/go-ninjabot/exchange/bybit_perpetual.go:339.2,339.22 1 0
github.com/imbpp123/go-ninjabot/exchange/bybit_perpetual.go:339.22,341.3 1 0
github.com/imbpp123/go-ninjabot/exchange/bybit_perpetual.go:343.2,348.8 3 0
github.com/imbpp123/go-ninjabot/exchange/bybit_perpetual.go:351.109,353.2 1 0
github.com/imbpp123/go-ninjabot/exchange/bybit_perpetual.go:355.58,357.2 1 0
github.com/imbpp123/go-ninjabot/exchange/bybit_perpetual.go:359.80,361.2 1 0
github.com/imbpp123/go-ninjabot/exchange/bybit_perpetual.go:363.76,365.2 1 0
github.com/imbpp123/go-ninjabot/exchange/bybit_perpetual.go:367.59,369.2 1 0
github.com/imbpp123/go-ninjabot/exchange/bybit_perpetual.go:371.82,373.2 1 0
github.com/imbpp123/go-ninjabot/exchange/bybit_perpetual.go:375.120,377.2 1 0
github.com/imbpp123/go-ninjabot/exchange/bybit_perpetual.go:379.118,381.2 1 0
github.com/imbpp123/go-ninjabot/exchange/bybit_perpetual.go:383.130,385.2 1 0
github.com/imbpp123/go-ninjabot/exchange/csvfeed.go:33.58,45.2 2 0
github.com/imbpp123/go-ninjabot/exchange/csvfeed.go:47.90,53.16 3 6
github.com/imbpp123/go-ninjabot/exchange/csvfeed.go:53.16,55.3 1 5
github.com/imbpp123/go-ninjabot/exchange/csvfeed.go:57.2,57.32 1 1
github.com/imbpp123/go-ninjabot/exchange/csvfeed.go:57.32,58.33 1 8
github.com/imbpp123/go-ninjabot/exchange/csvfeed.go:58.33,60.4 1 2
github.com/imbpp123/go-ninjabot/exchange/csvfeed.go:61.3,61.23 1 8
github.com/imbpp123/go-ninjabot/exchange/csvfeed.go:64.2,64.36 1 1
github.com/imbpp123/go-ninjabot/exchange/csvfeed.go:68.78,74.29 2 6
github.com/imbpp123/go-ninjabot/exchange/csvfeed.go:74.29,78.17 3 6
github.com/imbpp123/go-ninjabot/exchange/csvfeed.go:78.17,80.4 1 0
github.com/imbpp123/go-ninjabot/exchange/csvfeed.go:82.3,83.17 2 6
github.com/imbpp123/go-ninjabot/exchange/csvfeed.go:83.17,85.4 1 0
github.com/imbpp123/go-ninjabot/exchange/csvfeed.go:87.3,92.23 4 6
github.com/imbpp123/go-ninjabot/exchange/csvfeed.go:92.23,94.4 1 1
github.com/imbpp123/go-ninjabot/exchange/csvfeed.go:96.3,96.33 1 6
github.com/imbpp123/go-ninjabot/exchange/csvfeed.go:96.33,98.18 2 4404
github.com/imbpp123/go-ninjabot/exchange/csvfeed.go:98.18,100.5 1 0
github.com/imbpp123/go-ninjabot/exchange/csvfeed.go:102.4,110.18 3 4404
github.com/imbpp123/go-ninjabot/exchange/csvfeed.go:110.18,112.5 1 0
github.com/imbpp123/go-ninjabot/exchange/csvfeed.go:114.4,115.18 2 4404
github.com/imbpp123/go-ninjabot/exchange/csvfeed.go:115.18,117.5 1 0
github.com/imbpp123/go-ninjabot/exchange/csvfeed.go:119.4,120.18 2 4404
github.com/imbpp123/go-ninjabot/exchange/csvfeed.go:120.18,122.5 1 0
github.com/imbpp123/go-ninjabot/exchange/csvfeed.go:124.4,125.18 2 4404
github.com/imbpp123/go-ninjabot/exchange/csvfeed.go:125.18,127.5 1 0
github.com/imbpp123/go-ninjabot/exchange/csvfeed.go:129.4,130.18 2 4404
github.com/imbpp123/go-ninjabot/exchange/csvfeed.go:130.18,132.5 1 0
github.com/imbpp123/go-ninjabot/exchange/csvfeed.go:134.4,134.24 1 4404
github.com/imbpp123/go-ninjabot/exchange/csvfeed.go:134.24,136.46 2 14
github.com/imbpp123/go-ninjabot/exchange/csvfeed.go:136.46,138.20 2 28
github.com/imbpp123/go-ninjabot/exchange/csvfeed.go:138.20,140.7 1 0
github.com/imbpp123/go-ninjabot/exchange/csvfeed.go:144.4,144.23 1 4404
github.com/imbpp123/go-ninjabot/exchange/csvfeed.go:144.23,146.5 1 0
github.com/imbpp123/go-ninjabot/exchange/csvfeed.go:148.4,148.37 1 4404
github.com/imbpp123/go-ninjabot/exchange/csvfeed.go:151.3,154.17 3 6
github.com/imbpp123/go-ninjabot/exchange/csvfeed.go:154.17,156.4 1 1
github.com/imbpp123/go-ninjabot/exchange/csvfeed.go:159.2,159.21 1 5
github.com/imbpp123/go-ninjabot/exchange/csvfeed.go:162.66,164.2 1 19
github.com/imbpp123/go-ninjabot/exchange/csvfeed.go:166.74,168.2 1 0
github.com/imbpp123/go-ninjabot/exchange/csvfeed.go:170.58,171.51 1 0
github.com/imbpp123/go-ninjabot/exchange/csvfeed.go:171.51,173.90 2 0
github.com/imbpp123/go-ninjabot/exchange/csvfeed.go:173.90,175.4 1 0
github.com/imbpp123/go-ninjabot/exchange/csvfeed.go:177.2,177.10 1 0
github.com/imbpp123/go-ninjabot/exchange/csvfeed.go:180.91,182.16 2 13
github.com/imbpp123/go-ninjabot/exchange/csvfeed.go:182.16,184.3 1 2
github.com/imbpp123/go-ninjabot/exchange/csvfeed.go:186.2,188.65 2 11
github.com/imbpp123/go-ninjabot/exchange/csvfeed.go:191.91,192.38 1 4411
github.com/imbpp123/go-ninjabot/exchange/csvfeed.go:192.38,194.3 1 46
github.com/imbpp123/go-ninjabot/exchange/csvfeed.go:196.2,197.16 2 4365
github.com/imbpp123/go-ninjabot/exchange/csvfeed.go:197.16,199.3 1 1
github.com/imbpp123/go-ninjabot/exchange/csvfeed.go:201.2,203.25 2 4364
github.com/imbpp123/go-ninjabot/exchange/csvfeed.go:204.12,205.36 1 1
github.com/imbpp123/go-ninjabot/exchange/csvfeed.go:206.12,207.35 1 2
github.com/imbpp123/go-ninjabot/exchange/csvfeed.go:208.13,209.36 1 1
github.com/imbpp123/go-ninjabot/exchange/csvfeed.go:210.13,211.36 1 2
github.com/imbpp123/go-ninjabot/exchange/csvfeed.go:212.13,213.36 1 1
github.com/imbpp123/go-ninjabot/exchange/csvfeed.go:214.12,215.36 1 1
github.com/imbpp123/go-ninjabot/exchange/csvfeed.go:216.12,217.55 1 1
github.com/imbpp123/go-ninjabot/exchange/csvfeed.go:218.12,219.55 1 1
github.com/imbpp123/go-ninjabot/exchange/csvfeed.go:220.13,221.56 1 1
github.com/imbpp123/go-ninjabot/exchange/csvfeed.go:222.12,223.56 1 4346
github.com/imbpp123/go-ninjabot/exchange/csvfeed.go:224.12,225.89 1 5
github.com/imbpp123/go-ninjabot/exchange/csvfeed.go:228.2,228.68 1 2
github.com/imbpp123/go-ninjabot/exchange/csvfeed.go:231.81,236.55 4 6
github.com/imbpp123/go-ninjabot/exchange/csvfeed.go:236.55,238.33 1 6
github.com/imbpp123/go-ninjabot/exchange/csvfeed.go:238.33,240.4 1 1
github.com/imbpp123/go-ninjabot/exchange/csvfeed.go:240.9,240.16 1 5
github.com/imbpp123/go-ninjabot/exchange/csvfeed.go:240.16,241.9 1 5
github.com/imbpp123/go-ninjabot/exchange/csvfeed.go:245.2,246.55 2 5
github.com/imbpp123/go-ninjabot/exchange/csvfeed.go:246.55,248.97 2 4380
github.com/imbpp123/go-ninjabot/exchange/csvfeed.go:248.97,250.4 1 0
github.com/imbpp123/go-ninjabot/exchange/csvfeed.go:250.9,250.18 1 4380
github.com/imbpp123/go-ninjabot/exchange/csvfeed.go:250.18,252.4 1 223
github.com/imbpp123/go-ninjabot/exchange/csvfeed.go:252.9,254.4 1 4157
github.com/imbpp123/go-ninjabot/exchange/csvfeed.go:256.3,257.53 2 4380
github.com/imbpp123/go-ninjabot/exchange/csvfeed.go:257.53,263.4 5 4156
github.com/imbpp123/go-ninjabot/exchange/csvfeed.go:264.3,264.36 1 4380
github.com/imbpp123/go-ninjabot/exchange/csvfeed.go:268.2,268.39 1 5
github.com/imbpp123/go-ninjabot/exchange/csvfeed.go:268.39,270.3 1 1
github.com/imbpp123/go-ninjabot/exchange/csvfeed.go:272.2,274.12 2 5
github.com/imbpp123/go-ninjabot/exchange/csvfeed.go:278.48,282.52 3 0
github.com/imbpp123/go-ninjabot/exchange/csvfeed.go:282.52,283.58 1 0
github.com/imbpp123/go-ninjabot/exchange/csvfeed.go:283.58,284.12 1 0
github.com/imbpp123/go-ninjabot/exchange/csvfeed.go:286.3,286.36 1 0
github.com/imbpp123/go-ninjabot/exchange/csvfeed.go:288.2,288.21 1 0
github.com/imbpp123/go-ninjabot/exchange/csvfeed.go:291.112,294.45 3 1
github.com/imbpp123/go-ninjabot/exchange/csvfeed.go:294.45,296.3 1 0
github.com/imbpp123/go-ninjabot/exchange/csvfeed.go:297.2,298.20 2 1
github.com/imbpp123/go-ninjabot/exchange/csvfeed.go:301.113,305.12 4 0
github.com/imbpp123/go-ninjabot/exchange/csvfeed.go:305.12,306.53 1 0
github.com/imbpp123/go-ninjabot/exchange/csvfeed.go:306.53,308.4 1 0
github.com/imbpp123/go-ninjabot/exchange/csvfeed.go:309.3,310.14 2 0
github.com/imbpp123/go-ninjabot/exchange/csvfeed.go:312.2,312.22 1 0
github.com/imbpp123/go-ninjabot/exchange/exchange.go:44.37,46.2 1 0
github.com/imbpp123/go-ninjabot/exchange/exchange.go:50.67,57.2 1 0
github.com/imbpp123/go-ninjabot/exchange/exchange.go:59.71,61.2 1 0
github.com/imbpp123/go-ninjabot/exchange/exchange.go:63.90,66.2 2 0
github.com/imbpp123/go-ninjabot/exchange/exchange.go:68.113,75.2 3 0
github.com/imbpp123/go-ninjabot/exchange/exchange.go:77.88,80.33 3 0
github.com/imbpp123/go-ninjabot/exchange/exchange.go:80.33,81.23 1 0
github.com/imbpp123/go-ninjabot/exchange/exchange.go:81.23,82.12 1 0
github.com/imbpp123/go-ninjabot/exchange/exchange.go:85.3,85.63 1 0
github.com/imbpp123/go-ninjabot/exchange/exchange.go:85.63,87.4 1 0
github.com/imbpp123/go-ninjabot/exchange/exchange.go:91.42,93.35 2 0
github.com/imbpp123/go-ninjabot/exchange/exchange.go:93.35,100.3 3 0
github.com/imbpp123/go-ninjabot/exchange/exchange.go:103.53,106.37 3 0
github.com/imbpp123/go-ninjabot/exchange/exchange.go:106.37,108.39 2 0
github.com/imbpp123/go-ninjabot/exchange/exchange.go:108.39,109.8 1 0
github.com/imbpp123/go-ninjabot/exchange/exchange.go:109.8,110.12 1 0
github.com/imbpp123/go-ninjabot/exchange/exchange.go:111.36,112.13 1 0
github.com/imbpp123/go-ninjabot/exchange/exchange.go:112.13,115.7 2 0
github.com/imbpp123/go-ninjabot/exchange/exchange.go:116.6,116.66 1 0
github.com/imbpp123/go-ninjabot/exchange/exchange.go:116.66,117.57 1 0
github.com/imbpp123/go-ninjabot/exchange/exchange.go:117.57,118.16 1 0
github.com/imbpp123/go-ninjabot/exchange/exchange.go:120.7,120.36 1 0
github.com/imbpp123/go-ninjabot/exchange/exchange.go:122.28,123.20 1 0
github.com/imbpp123/go-ninjabot/exchange/exchange.go:123.20,125.7 1 0
github.com/imbpp123/go-ninjabot/exchange/exchange.go:131.2,132.14 2 0
github.com/imbpp123/go-ninjabot/exchange/exchange.go:132.14,134.3 1 0
github.com/imbpp123/go-ninjabot/exchange/pairs.go:25.13,27.16 2 1
github.com/imbpp123/go-ninjabot/exchange/pairs.go:27.16,28.13 1 0
github.com/imbpp123/go-ninjabot/exchange/pairs.go:32.64,35.2 2 70
github.com/imbpp123/go-ninjabot/exchange/pairs.go:37.30,40.16 3 0
github.com/imbpp123/go-ninjabot/exchange/pairs.go:40.16,42.3 1 0
github.com/imbpp123/go-ninjabot/exchange/pairs.go:44.2,46.16 3 0
github.com/imbpp123/go-ninjabot/exchange/pairs.go:46.16,48.3 1 0
github.com/imbpp123/go-ninjabot/exchange/pairs.go:50.2,50.41 1 0
github.com/imbpp123/go-ninjabot/exchange/pairs.go:50.41,55.3 1 0
github.com/imbpp123/go-ninjabot/exchange/pairs.go:57.2,57.42 1 0
github.com/imbpp123/go-ninjabot/exchange/pairs.go:57.42,62.3 1 0
github.com/imbpp123/go-ninjabot/exchange/pairs.go:64.2,67.16 3 0
github.com/imbpp123/go-ninjabot/exchange/pairs.go:67.16,69.3 1 0
github.com/imbpp123/go-ninjabot/exchange/pairs.go:71.2,72.16 2 0
github.com/imbpp123/go-ninjabot/exchange/pairs.go:72.16,74.3 1 0
github.com/imbpp123/go-ninjabot/exchange/pairs.go:76.2,76.12 1 0
github.com/imbpp123/go-ninjabot/exchange/paperwallet.go:49.63,61.2 2 1
github.com/imbpp123/go-ninjabot/exchange/paperwallet.go:65.68,66.35 1 22
github.com/imbpp123/go-ninjabot/exchange/paperwallet.go:66.35,71.3 1 22
github.com/imbpp123/go-ninjabot/exchange/paperwallet.go:74.59,75.35 1 0
github.com/imbpp123/go-ninjabot/exchange/paperwallet.go:75.35,78.3 2 0
github.com/imbpp123/go-ninjabot/exchange/paperwallet.go:81.60,82.35 1 0
github.com/imbpp123/go-ninjabot/exchange/paperwallet.go:82.35,84.3 1 0
github.com/imbpp123/go-ninjabot/exchange/paperwallet.go:87.102,102.33 2 17
github.com/imbpp123/go-ninjabot/exchange/paperwallet.go:102.33,104.3 1 22
github.com/imbpp123/go-ninjabot/exchange/paperwallet.go:106.2,110.16 4 17
github.com/imbpp123/go-ninjabot/exchange/paperwallet.go:113.35,115.2 1 17
github.com/imbpp123/go-ninjabot/exchange/paperwallet.go:117.40,119.29 2 0
github.com/imbpp123/go-ninjabot/exchange/paperwallet.go:119.29,121.3 1 0
github.com/imbpp123/go-ninjabot/exchange/paperwallet.go:122.2,122.14 1 0
github.com/imbpp123/go-ninjabot/exchange/paperwallet.go:125.84,127.2 1 0
[...]
github.com/imbpp123/go-ninjabot/order/controller.go:136.16,138.3 1 0
github.com/imbpp123/go-ninjabot/order/controller.go:139.2,141.39 2 0
github.com/imbpp123/go-ninjabot/order/controller.go:141.39,143.17 2 0
github.com/imbpp123/go-ninjabot/order/controller.go:143.17,145.4 1 0
github.com/imbpp123/go-ninjabot/order/controller.go:148.2,148.40 1 0
github.com/imbpp123/go-ninjabot/order/controller.go:148.40,150.17 2 0
github.com/imbpp123/go-ninjabot/order/controller.go:150.17,152.4 1 0
github.com/imbpp123/go-ninjabot/order/controller.go:154.2,154.12 1 0
github.com/imbpp123/go-ninjabot/order/controller.go:181.79,183.89 2 8
github.com/imbpp123/go-ninjabot/order/controller.go:183.89,185.3 1 1
github.com/imbpp123/go-ninjabot/order/controller.go:187.2,187.26 1 8
github.com/imbpp123/go-ninjabot/order/controller.go:187.26,190.3 2 3
github.com/imbpp123/go-ninjabot/order/controller.go:190.8,191.35 1 5
github.com/imbpp123/go-ninjabot/order/controller.go:191.35,193.4 1 3
github.com/imbpp123/go-ninjabot/order/controller.go:193.9,193.41 1 2
github.com/imbpp123/go-ninjabot/order/controller.go:193.41,195.4 1 2
github.com/imbpp123/go-ninjabot/order/controller.go:195.9,200.4 4 0
github.com/imbpp123/go-ninjabot/order/controller.go:202.3,215.26 5 5
github.com/imbpp123/go-ninjabot/order/controller.go:218.2,218.19 1 3
github.com/imbpp123/go-ninjabot/order/controller.go:238.31,251.2 1 7
github.com/imbpp123/go-ninjabot/order/controller.go:253.61,255.2 1 0
github.com/imbpp123/go-ninjabot/order/controller.go:257.52,259.2 1 2
github.com/imbpp123/go-ninjabot/order/controller.go:261.53,264.9 2 15
github.com/imbpp123/go-ninjabot/order/controller.go:264.9,272.3 2 7
github.com/imbpp123/go-ninjabot/order/controller.go:274.2,275.12 2 8
github.com/imbpp123/go-ninjabot/order/controller.go:275.12,277.3 1 3
github.com/imbpp123/go-ninjabot/order/controller.go:279.2,279.19 1 8
github.com/imbpp123/go-ninjabot/order/controller.go:279.19,281.32 1 5
github.com/imbpp123/go-ninjabot/order/controller.go:281.32,282.40 1 3
github.com/imbpp123/go-ninjabot/order/controller.go:282.40,285.5 2 3
github.com/imbpp123/go-ninjabot/order/controller.go:285.10,288.5 2 0
github.com/imbpp123/go-ninjabot/order/controller.go:289.9,290.40 1 2
github.com/imbpp123/go-ninjabot/order/controller.go:290.40,293.5 2 2
github.com/imbpp123/go-ninjabot/order/controller.go:293.10,296.5 2 0
github.com/imbpp123/go-ninjabot/order/controller.go:299.3,306.5 2 5
github.com/imbpp123/go-ninjabot/order/controller.go:310.45,312.23 2 5
github.com/imbpp123/go-ninjabot/order/controller.go:312.23,314.3 1 0
github.com/imbpp123/go-ninjabot/order/controller.go:317.45,319.23 2 0
github.com/imbpp123/go-ninjabot/order/controller.go:319.23,321.3 1 0
github.com/imbpp123/go-ninjabot/order/controller.go:324.55,325.49 1 17
github.com/imbpp123/go-ninjabot/order/controller.go:325.49,327.3 1 2
github.com/imbpp123/go-ninjabot/order/controller.go:330.2,330.41 1 15
github.com/imbpp123/go-ninjabot/order/controller.go:330.41,332.3 1 7
github.com/imbpp123/go-ninjabot/order/controller.go:335.2,338.25 2 15
github.com/imbpp123/go-ninjabot/order/controller.go:341.37,351.16 4 6
github.com/imbpp123/go-ninjabot/order/controller.go:351.16,355.3 3 0
github.com/imbpp123/go-ninjabot/order/controller.go:358.2,359.31 2 6
github.com/imbpp123/go-ninjabot/order/controller.go:359.31,361.17 2 9
github.com/imbpp123/go-ninjabot/order/controller.go:361.17,363.12 2 0
github.com/imbpp123/go-ninjabot/order/controller.go:367.3,367.38 1 9
github.com/imbpp123/go-ninjabot/order/controller.go:367.38,368.12 1 0
github.com/imbpp123/go-ninjabot/order/controller.go:371.3,373.17 3 9
github.com/imbpp123/go-ninjabot/order/controller.go:373.17,375.12 2 0
github.com/imbpp123/go-ninjabot/order/controller.go:378.3,379.50 2 9
github.com/imbpp123/go-ninjabot/order/controller.go:382.2,382.45 1 6
github.com/imbpp123/go-ninjabot/order/controller.go:382.45,385.3 2 9
github.com/imbpp123/go-ninjabot/order/controller.go:388.38,390.2 1 0
github.com/imbpp123/go-ninjabot/order/controller.go:392.30,393.31 1 0
github.com/imbpp123/go-ninjabot/order/controller.go:393.31,395.13 2 0
github.com/imbpp123/go-ninjabot/order/controller.go:395.13,397.8 2 0
github.com/imbpp123/go-ninjabot/order/controller.go:397.8,398.12 1 0
github.com/imbpp123/go-ninjabot/order/controller.go:399.21,400.22 1 0
github.com/imbpp123/go-ninjabot/order/controller.go:401.21,403.12 2 0
github.com/imbpp123/go-ninjabot/order/controller.go:407.3,407.27 1 0
github.com/imbpp123/go-ninjabot/order/controller.go:411.29,412.31 1 0
github.com/imbpp123/go-ninjabot/order/controller.go:412.31,417.3 4 0
github.com/imbpp123/go-ninjabot/order/controller.go:420.55,422.2 1 0
github.com/imbpp123/go-ninjabot/order/controller.go:424.78,426.2 1 1
github.com/imbpp123/go-ninjabot/order/controller.go:428.62,430.2 1 0
github.com/imbpp123/go-ninjabot/order/controller.go:432.66,434.16 2 1
github.com/imbpp123/go-ninjabot/order/controller.go:434.16,436.3 1 0
github.com/imbpp123/go-ninjabot/order/controller.go:437.2,437.39 1 1
github.com/imbpp123/go-ninjabot/order/controller.go:440.73,442.2 1 0
github.com/imbpp123/go-ninjabot/order/controller.go:445.44,451.16 5 2
github.com/imbpp123/go-ninjabot/order/controller.go:451.16,454.3 2 0
github.com/imbpp123/go-ninjabot/order/controller.go:456.2,456.24 1 2
github.com/imbpp123/go-ninjabot/order/controller.go:456.24,458.17 2 4
github.com/imbpp123/go-ninjabot/order/controller.go:458.17,461.4 2 0
github.com/imbpp123/go-ninjabot/order/controller.go:462.3,462.42 1 4
github.com/imbpp123/go-ninjabot/order/controller.go:465.2,465.20 1 2
github.com/imbpp123/go-ninjabot/order/controller.go:468.115,474.16 5 5
github.com/imbpp123/go-ninjabot/order/controller.go:474.16,477.3 2 0
github.com/imbpp123/go-ninjabot/order/controller.go:479.2,480.16 2 5
github.com/imbpp123/go-ninjabot/order/controller.go:480.16,483.3 2 0
github.com/imbpp123/go-ninjabot/order/controller.go:484.2,486.19 3 5
github.com/imbpp123/go-ninjabot/order/controller.go:489.116,495.16 5 0
github.com/imbpp123/go-ninjabot/order/controller.go:495.16,498.3 2 0
github.com/imbpp123/go-ninjabot/order/controller.go:500.2,501.16 2 0
github.com/imbpp123/go-ninjabot/order/controller.go:501.16,504.3 2 0
github.com/imbpp123/go-ninjabot/order/controller.go:507.2,510.19 4 0
github.com/imbpp123/go-ninjabot/order/controller.go:513.109,519.16 5 8
github.com/imbpp123/go-ninjabot/order/controller.go:519.16,522.3 2 0
github.com/imbpp123/go-ninjabot/order/controller.go:524.2,525.16 2 8
github.com/imbpp123/go-ninjabot/order/controller.go:525.16,528.3 2 0
github.com/imbpp123/go-ninjabot/order/controller.go:531.2,534.19 4 8
github.com/imbpp123/go-ninjabot/order/controller.go:537.101,543.16 5 0
github.com/imbpp123/go-ninjabot/order/controller.go:543.16,546.3 2 0
github.com/imbpp123/go-ninjabot/order/controller.go:548.2,549.16 2 0
github.com/imbpp123/go-ninjabot/order/controller.go:549.16,552.3 2 0
github.com/imbpp123/go-ninjabot/order/controller.go:553.2,555.19 3 0
github.com/imbpp123/go-ninjabot/order/controller.go:558.54,564.16 5 0
github.com/imbpp123/go-ninjabot/order/controller.go:564.16,566.3 1 0
github.com/imbpp123/go-ninjabot/order/controller.go:568.2,570.16 3 0
github.com/imbpp123/go-ninjabot/order/controller.go:570.16,573.3 2 0
github.com/imbpp123/go-ninjabot/order/controller.go:574.2,575.12 2 0
github.com/imbpp123/go-ninjabot/order/feed.go:24.27,29.2 1 9
github.com/imbpp123/go-ninjabot/order/feed.go:31.81,32.38 1 1
github.com/imbpp123/go-ninjabot/order/feed.go:32.38,37.3 1 1
github.com/imbpp123/go-ninjabot/order/feed.go:39.2,42.4 1 1
github.com/imbpp123/go-ninjabot/order/feed.go:45.51,46.43 1 27
github.com/imbpp123/go-ninjabot/order/feed.go:46.43,48.3 1 1
github.com/imbpp123/go-ninjabot/order/feed.go:51.24,52.33 1 1
github.com/imbpp123/go-ninjabot/order/feed.go:52.33,53.40 1 1
github.com/imbpp123/go-ninjabot/order/feed.go:53.40,54.33 1 1
github.com/imbpp123/go-ninjabot/order/feed.go:54.33,55.64 1 1
github.com/imbpp123/go-ninjabot/order/feed.go:55.64,57.6 1 1
github.com/imbpp123/go-ninjabot/plot/chart.go:106.44,112.2 4 3
github.com/imbpp123/go-ninjabot/plot/chart.go:114.47,120.62 4 2
github.com/imbpp123/go-ninjabot/plot/chart.go:120.62,132.38 2 2
github.com/imbpp123/go-ninjabot/plot/chart.go:132.38,138.4 2 1
github.com/imbpp123/go-ninjabot/plot/chart.go:140.3,147.37 8 2
github.com/imbpp123/go-ninjabot/plot/chart.go:147.37,149.4 1 0
github.com/imbpp123/go-ninjabot/plot/chart.go:150.3,150.28 1 2
github.com/imbpp123/go-ninjabot/plot/chart.go:154.90,158.26 3 0
github.com/imbpp123/go-ninjabot/plot/chart.go:158.26,160.58 2 0
github.com/imbpp123/go-ninjabot/plot/chart.go:160.58,165.4 1 0
github.com/imbpp123/go-ninjabot/plot/chart.go:167.3,167.54 1 0
github.com/imbpp123/go-ninjabot/plot/chart.go:167.54,172.4 1 0
github.com/imbpp123/go-ninjabot/plot/chart.go:175.2,175.34 1 0
github.com/imbpp123/go-ninjabot/plot/chart.go:178.63,180.33 2 0
github.com/imbpp123/go-ninjabot/plot/chart.go:180.33,189.38 3 0
github.com/imbpp123/go-ninjabot/plot/chart.go:189.38,197.4 1 0
github.com/imbpp123/go-ninjabot/plot/chart.go:199.3,199.45 1 0
github.com/imbpp123/go-ninjabot/plot/chart.go:202.2,202.23 1 0
github.com/imbpp123/go-ninjabot/plot/chart.go:202.23,205.40 3 0
github.com/imbpp123/go-ninjabot/plot/chart.go:205.40,213.37 2 0
github.com/imbpp123/go-ninjabot/plot/chart.go:213.37,214.36 1 0
github.com/imbpp123/go-ninjabot/plot/chart.go:214.36,215.14 1 0
github.com/imbpp123/go-ninjabot/plot/chart.go:218.5,224.7 1 0
github.com/imbpp123/go-ninjabot/plot/chart.go:226.4,226.46 1 0
github.com/imbpp123/go-ninjabot/plot/chart.go:230.2,230.19 1 0
github.com/imbpp123/go-ninjabot/plot/chart.go:233.53,236.49 3 1
github.com/imbpp123/go-ninjabot/plot/chart.go:236.49,238.3 1 3
github.com/imbpp123/go-ninjabot/plot/chart.go:240.2,240.33 1 1
github.com/imbpp123/go-ninjabot/plot/chart.go:240.33,242.50 2 2
github.com/imbpp123/go-ninjabot/plot/chart.go:242.50,248.52 2 6
github.com/imbpp123/go-ninjabot/plot/chart.go:248.52,252.5 2 3
github.com/imbpp123/go-ninjabot/plot/chart.go:256.2,256.29 1 1
github.com/imbpp123/go-ninjabot/plot/chart.go:256.29,258.68 2 0
github.com/imbpp123/go-ninjabot/plot/chart.go:258.68,260.4 1 0
github.com/imbpp123/go-ninjabot/plot/chart.go:263.2,263.16 1 1
github.com/imbpp123/go-ninjabot/plot/chart.go:266.51,268.49 2 1
github.com/imbpp123/go-ninjabot/plot/chart.go:268.49,272.44 2 3
github.com/imbpp123/go-ninjabot/plot/chart.go:272.44,273.12 1 1
github.com/imbpp123/go-ninjabot/plot/chart.go:276.3,284.44 2 2
github.com/imbpp123/go-ninjabot/plot/chart.go:284.44,286.4 1 1
github.com/imbpp123/go-ninjabot/plot/chart.go:288.3,288.33 1 2
github.com/imbpp123/go-ninjabot/plot/chart.go:291.2,291.15 1 1
github.com/imbpp123/go-ninjabot/plot/chart.go:294.59,296.49 2 2
github.com/imbpp123/go-ninjabot/plot/chart.go:296.49,299.20 3 3
github.com/imbpp123/go-ninjabot/plot/chart.go:299.20,301.4 1 0
github.com/imbpp123/go-ninjabot/plot/chart.go:302.3,305.33 3 3
github.com/imbpp123/go-ninjabot/plot/chart.go:307.2,307.15 1 2
github.com/imbpp123/go-ninjabot/plot/chart.go:310.70,311.57 1 0
github.com/imbpp123/go-ninjabot/plot/chart.go:311.57,313.17 2 0
github.com/imbpp123/go-ninjabot/plot/chart.go:313.17,315.4 1 0
github.com/imbpp123/go-ninjabot/plot/chart.go:316.3,317.9 2 0
github.com/imbpp123/go-ninjabot/plot/chart.go:319.2,319.30 1 0
github.com/imbpp123/go-ninjabot/plot/chart.go:322.69,324.30 2 0
github.com/imbpp123/go-ninjabot/plot/chart.go:324.30,326.3 1 0
github.com/imbpp123/go-ninjabot/plot/chart.go:328.2,330.34 3 0
github.com/imbpp123/go-ninjabot/plot/chart.go:330.34,333.3 2 0
github.com/imbpp123/go-ninjabot/plot/chart.go:335.2,340.16 3 0
github.com/imbpp123/go-ninjabot/plot/chart.go:340.16,342.3 1 0
github.com/imbpp123/go-ninjabot/plot/chart.go:345.68,347.16 2 0
github.com/imbpp123/go-ninjabot/plot/chart.go:347.16,350.3 2 0
github.com/imbpp123/go-ninjabot/plot/chart.go:352.2,355.26 3 0
github.com/imbpp123/go-ninjabot/plot/chart.go:355.26,362.3 2 0
github.com/imbpp123/go-ninjabot/plot/chart.go:364.2,376.16 4 0
github.com/imbpp123/go-ninjabot/plot/chart.go:376.16,378.3 1 0
github.com/imbpp123/go-ninjabot/plot/chart.go:381.82,383.16 2 0
github.com/imbpp123/go-ninjabot/plot/chart.go:383.16,386.3 2 0
github.com/imbpp123/go-ninjabot/plot/chart.go:388.2,397.16 8 0
github.com/imbpp123/go-ninjabot/plot/chart.go:397.16,401.3 3 0
github.com/imbpp123/go-ninjabot/plot/chart.go:403.2,404.16 2 0
github.com/imbpp123/go-ninjabot/plot/chart.go:404.16,408.3 3 0
github.com/imbpp123/go-ninjabot/plot/chart.go:409.2,413.16 4 0
github.com/imbpp123/go-ninjabot/plot/chart.go:413.16,417.3 3 0
github.com/imbpp123/go-ninjabot/plot/chart.go:420.31,426.83 2 0
github.com/imbpp123/go-ninjabot/plot/chart.go:426.83,429.3 2 0
github.com/imbpp123/go-ninjabot/plot/chart.go:431.2,437.61 6 0
github.com/imbpp123/go-ninjabot/plot/chart.go:442.32,443.28 1 1
github.com/imbpp123/go-ninjabot/plot/chart.go:443.28,445.3 1 1
github.com/imbpp123/go-ninjabot/plot/chart.go:448.64,449.28 1 0
github.com/imbpp123/go-ninjabot/plot/chart.go:449.28,451.3 1 0
github.com/imbpp123/go-ninjabot/plot/chart.go:454.64,455.28 1 1
github.com/imbpp123/go-ninjabot/plot/chart.go:455.28,457.3 1 1
github.com/imbpp123/go-ninjabot/plot/chart.go:461.25,462.28 1 1
github.com/imbpp123/go-ninjabot/plot/chart.go:462.28,464.3 1 1
github.com/imbpp123/go-ninjabot/plot/chart.go:467.59,468.28 1 1
github.com/imbpp123/go-ninjabot/plot/chart.go:468.28,470.3 1 1
github.com/imbpp123/go-ninjabot/plot/chart.go:473.50,482.33 2 6
github.com/imbpp123/go-ninjabot/plot/chart.go:482.33,484.3 1 4
github.com/imbpp123/go-ninjabot/plot/chart.go:486.2,487.16 2 6
github.com/imbpp123/go-ninjabot/plot/chart.go:487.16,489.3 1 0
github.com/imbpp123/go-ninjabot/plot/chart.go:491.2,492.16 2 6
github.com/imbpp123/go-ninjabot/plot/chart.go:492.16,494.3 1 0
github.com/imbpp123/go-ninjabot/plot/chart.go:496.2,504.38 2 6
github.com/imbpp123/go-ninjabot/plot/chart.go:504.38,506.3 1 0
github.com/imbpp123/go-ninjabot/plot/chart.go:508.2,510.19 2 6
github.com/imbpp123/go-ninjabot/storage/buntdb.go:19.36,21.2 1 1
github.com/imbpp123/go-ninjabot/storage/buntdb.go:23.45,25.2 1 1
github.com/imbpp123/go-ninjabot/storage/buntdb.go:27.50,29.16 2 2
github.com/imbpp123/go-ninjabot/storage/buntdb.go:29.16,31.3 1 0
github.com/imbpp123/go-ninjabot/storage/buntdb.go:33.2,34.16 2 2
github.com/imbpp123/go-ninjabot/storage/buntdb.go:34.16,36.3 1 0
github.com/imbpp123/go-ninjabot/storage/buntdb.go:38.2,40.8 1 2
github.com/imbpp123/go-ninjabot/storage/buntdb.go:43.30,45.2 1 2
github.com/imbpp123/go-ninjabot/storage/buntdb.go:47.54,48.47 1 2
github.com/imbpp123/go-ninjabot/storage/buntdb.go:48.47,51.17 3 2
github.com/imbpp123/go-ninjabot/storage/buntdb.go:51.17,53.4 1 0
github.com/imbpp123/go-ninjabot/storage/buntdb.go:55.3,56.13 2 2
github.com/imbpp123/go-ninjabot/storage/buntdb.go:60.53,61.47 1 1
github.com/imbpp123/go-ninjabot/storage/buntdb.go:61.47,65.17 3 1
github.com/imbpp123/go-ninjabot/storage/buntdb.go:65.17,67.4 1 0
github.com/imbpp123/go-ninjabot/storage/buntdb.go:69.3,70.13 2 1
github.com/imbpp123/go-ninjabot/storage/buntdb.go:74.70,76.45 2 5
github.com/imbpp123/go-ninjabot/storage/buntdb.go:76.45,77.63 1 5
github.com/imbpp123/go-ninjabot/storage/buntdb.go:77.63,80.18 3 10
github.com/imbpp123/go-ninjabot/storage/buntdb.go:80.18,83.5 2 0
github.com/imbpp123/go-ninjabot/storage/buntdb.go:85.4,85.35 1 10
github.com/imbpp123/go-ninjabot/storage/buntdb.go:85.35,86.33 1 8
github.com/imbpp123/go-ninjabot/storage/buntdb.go:86.33,88.6 1 4
github.com/imbpp123/go-ninjabot/storage/buntdb.go:91.4,93.15 2 6
github.com/imbpp123/go-ninjabot/storage/buntdb.go:95.3,95.13 1 5
github.com/imbpp123/go-ninjabot/storage/buntdb.go:97.2,97.16 1 5
github.com/imbpp123/go-ninjabot/storage/buntdb.go:97.16,99.3 1 0
github.com/imbpp123/go-ninjabot/storage/buntdb.go:100.2,100.20 1 5
github.com/imbpp123/go-ninjabot/storage/sql.go:23.76,25.16 2 1
github.com/imbpp123/go-ninjabot/storage/sql.go:25.16,27.3 1 0
github.com/imbpp123/go-ninjabot/storage/sql.go:29.2,30.16 2 1
github.com/imbpp123/go-ninjabot/storage/sql.go:30.16,32.3 1 0
github.com/imbpp123/go-ninjabot/storage/sql.go:34.2,39.16 5 1
github.com/imbpp123/go-ninjabot/storage/sql.go:39.16,41.3 1 0
github.com/imbpp123/go-ninjabot/storage/sql.go:43.2,45.8 1 1
github.com/imbpp123/go-ninjabot/storage/sql.go:49.53,52.2 2 2
github.com/imbpp123/go-ninjabot/storage/sql.go:55.53,61.2 5 1
github.com/imbpp123/go-ninjabot/storage/sql.go:64.70,68.67 3 5
github.com/imbpp123/go-ninjabot/storage/sql.go:68.67,70.3 1 0
github.com/imbpp123/go-ninjabot/storage/sql.go:72.2,72.64 1 5
github.com/imbpp123/go-ninjabot/storage/sql.go:72.64,73.34 1 10
github.com/imbpp123/go-ninjabot/storage/sql.go:73.34,74.23 1 8
github.com/imbpp123/go-ninjabot/storage/sql.go:74.23,76.5 1 4
github.com/imbpp123/go-ninjabot/storage/sql.go:78.3,78.14 1 6
github.com/imbpp123/go-ninjabot/storage/storage.go:17.64,18.38 1 2
github.com/imbpp123/go-ninjabot/storage/storage.go:18.38,19.28 1 4
github.com/imbpp123/go-ninjabot/storage/storage.go:19.28,20.25 1 4
github.com/imbpp123/go-ninjabot/storage/storage.go:20.25,22.5 1 2
github.com/imbpp123/go-ninjabot/storage/storage.go:24.3,24.15 1 2
github.com/imbpp123/go-ninjabot/storage/storage.go:28.59,29.38 1 2
github.com/imbpp123/go-ninjabot/storage/storage.go:29.38,31.3 1 4
github.com/imbpp123/go-ninjabot/storage/storage.go:34.40,35.38 1 2
github.com/imbpp123/go-ninjabot/storage/storage.go:35.38,37.3 1 4
github.com/imbpp123/go-ninjabot/storage/storage.go:40.60,41.38 1 2
github.com/imbpp123/go-ninjabot/storage/storage.go:41.38,43.3 1 4
github.com/imbpp123/go-ninjabot/tools/scheduler.go:21.43,23.2 1 0
github.com/imbpp123/go-ninjabot/tools/scheduler.go:25.89,30.2 1 0
github.com/imbpp123/go-ninjabot/tools/scheduler.go:32.88,37.2 1 0
github.com/imbpp123/go-ninjabot/tools/scheduler.go:39.75,40.103 1 0
github.com/imbpp123/go-ninjabot/tools/scheduler.go:40.103,41.23 1 0
github.com/imbpp123/go-ninjabot/tools/scheduler.go:41.23,43.18 2 0
github.com/imbpp123/go-ninjabot/tools/scheduler.go:43.18,46.5 2 0
github.com/imbpp123/go-ninjabot/tools/scheduler.go:47.4,47.16 1 0
github.com/imbpp123/go-ninjabot/tools/scheduler.go:49.3,49.14 1 0
github.com/imbpp123/go-ninjabot/tools/trailing.go:9.38,11.2 1 4
github.com/imbpp123/go-ninjabot/tools/trailing.go:13.53,17.2 3 3
github.com/imbpp123/go-ninjabot/tools/trailing.go:19.31,21.2 1 1
github.com/imbpp123/go-ninjabot/tools/trailing.go:23.37,25.2 1 2
github.com/imbpp123/go-ninjabot/tools/trailing.go:27.53,28.15 1 4
github.com/imbpp123/go-ninjabot/tools/trailing.go:28.15,30.3 1 1
github.com/imbpp123/go-ninjabot/tools/trailing.go:32.2,32.25 1 3
github.com/imbpp123/go-ninjabot/tools/trailing.go:32.25,36.3 3 1
github.com/imbpp123/go-ninjabot/tools/trailing.go:38.2,39.26 2 2
github.com/imbpp123/go-ninjabot/tools/metrics/bootstrap.go:19.40,22.34 2 1
github.com/imbpp123/go-ninjabot/tools/metrics/bootstrap.go:22.34,24.36 2 10000
github.com/imbpp123/go-ninjabot/tools/metrics/bootstrap.go:24.36,26.4 1 150000
github.com/imbpp123/go-ninjabot/tools/metrics/bootstrap.go:27.3,27.40 1 10000
github.com/imbpp123/go-ninjabot/tools/metrics/bootstrap.go:30.2,42.3 6 1
github.com/imbpp123/go-ninjabot/tools/metrics/metrics.go:9.37,11.2 1 0
github.com/imbpp123/go-ninjabot/tools/metrics/metrics.go:13.39,16.31 3 0
github.com/imbpp123/go-ninjabot/tools/metrics/metrics.go:16.31,17.17 1 0
github.com/imbpp123/go-ninjabot/tools/metrics/metrics.go:17.17,19.4 1 0
github.com/imbpp123/go-ninjabot/tools/metrics/metrics.go:19.9,21.4 1 0
github.com/imbpp123/go-ninjabot/tools/metrics/metrics.go:24.2,24.63 1 0
github.com/imbpp123/go-ninjabot/tools/metrics/metrics.go:27.45,33.31 2 0
github.com/imbpp123/go-ninjabot/tools/metrics/metrics.go:33.31,34.17 1 0
github.com/imbpp123/go-ninjabot/tools/metrics/metrics.go:34.17,36.4 1 0
github.com/imbpp123/go-ninjabot/tools/metrics/metrics.go:36.9,38.4 1 0
github.com/imbpp123/go-ninjabot/tools/metrics/metrics.go:41.2,41.16 1 0
github.com/imbpp123/go-ninjabot/tools/metrics/metrics.go:41.16,43.3 1 0
github.com/imbpp123/go-ninjabot/tools/metrics/metrics.go:45.2,45.31 1 0
